> mongo-performance@1.0.0 read-update1m
> node update/1mil/read-update.js

Connected successfully to server
Requesting 1m data....
Requesting 1m data: 6:50.786 (m:ss.mmm)
Processing 1m data....
Processing 1m data: 448.017ms
Updating 1m data....
Updating 1m data: 3:44.857 (m:ss.mmm)
BulkWriteResult {
  result: {
    ok: 1,
    writeErrors: [],
    writeConcernErrors: [],
    insertedIds: [],
    nInserted: 0,
    nUpserted: 0,
    nMatched: 1000000,
    nModified: 900000,
    nRemoved: 0,
    upserted: [],
    opTime: { ts: new Timestamp({ t: 1664049805, i: 4299 }), t: 16 }
  }
}
