//node index.js --from=0 --to=20
// All folders - 51936

//node index.js --from=1 --to=5000 5 parallel - Reviews 6 00 1517 Took 37s to read

// node insert/insert-steam-reviews-parallel-processes/200reviews-per20k-5parallel.js --from=1 --to=9000
// Reviews 37 20 5312
// Operation took -  6455.46  seconds

// node insert/insert-steam-reviews-parallel-processes/200reviews-per20k-5parallel.js --from=9000 --to=18000
// reading ../dataset/reviews/711540  donePaths - 9000 done reviews 10084279
// reviews.length 127693
//
// Reviews 10085679
// Operation took -  3008.754  seconds

// node insert/insert-steam-reviews-parallel-processes/200reviews-per20k-5parallel.js --from=18000 --to=27000
// Reviews 4762572
// Operation took -  2132.567  seconds

// node insert/insert-steam-reviews-parallel-processes/200reviews-per20k-5parallel.js --from=27000 --to=36000
// Reviews 7162763
// Operation took -  2600.549  seconds

// node insert/insert-steam-reviews-parallel-processes/200reviews-per20k-5parallel.js --from=36000 --to=45000
// Reviews 3308304
// Operation took -  1535.568  seconds

// node insert/insert-steam-reviews-parallel-processes/200reviews-per20k-5parallel.js --from=45000 --to=64000 -
// Reviews 674974
// Operation took -  659.485  seconds