 mongo-performance@1.0.0 insert-7mil-m30-parralel-blast
> node ./insert/inserting-7mil-parralel-200k-20k-ercords-x5parralel.js

Connected successfully to server
arrayToInsert size - 542.2133199143271 mb

id: 1663717297338:  chunks size - 13.52387624114784 mb
id: 1663717297388:  chunks size - 13.865926794804961 mb
id: 1663717297427:  chunks size - 13.809284262242882 mb
id: 1663717297464:  chunks size - 13.712276510412481 mb
id: 1663717297501:  chunks size - 13.677421621365122 mb
id: 1663717297539:  chunks size - 13.771741918961762 mb
id: 1663717297581:  chunks size - 13.64355283156464 mb
id: 1663717297622:  chunks size - 13.755918554644321 mb
id: 1663717297663:  chunks size - 13.872854285065442 mb
id: 1663717297703:  chunks size - 13.572124532345281 mb
id: 1663717297754:  chunks size - 13.589979222964322 mb
id: 1663717297806:  chunks size - 13.706399969252642 mb
id: 1663717297849:  chunks size - 13.75984578549408 mb
id: 1663717297891:  chunks size - 13.553875020557761 mb
id: 1663717297930:  chunks size - 13.575084737434562 mb
id: 1663717297971:  chunks size - 13.459133198911681 mb
id: 1663717298014:  chunks size - 13.6134243524472 mb
id: 1663717298056:  chunks size - 13.538871816155522 mb
id: 1663717298097:  chunks size - 13.451698353912962 mb
id: 1663717298139:  chunks size - 13.619255117239682 mb
id: 1663717298182:  chunks size - 13.485092213902082 mb
id: 1663717298225:  chunks size - 13.498722127283521 mb
id: 1663717298273:  chunks size - 13.608417562267201 mb
id: 1663717298314:  chunks size - 13.515432408718562 mb
id: 1663717298358:  chunks size - 13.18920712672752 mb
id: 1663717298402:  chunks size - 13.391536763110082 mb
id: 1663717298444:  chunks size - 13.482900670314722 mb
id: 1663717298490:  chunks size - 13.42649846368128 mb
id: 1663717298536:  chunks size - 13.607690862435362 mb
id: 1663717298582:  chunks size - 13.57432752002448 mb
id: 1663717298536:  Inserting time: 28.384s
id: 1663717326943:  chunks size - 13.433937123377282 mb
id: 1663717297539:  Inserting time: 32.650s
id: 1663717330210:  chunks size - 13.357521107464322 mb
id: 1663717297806:  Inserting time: 38.328s
id: 1663717336155:  chunks size - 13.576850942275202 mb
id: 1663717326943:  Inserting time: 10.331s
id: 1663717337297:  chunks size - 13.519908955976641 mb
id: 1663717297891:  Inserting time: 39.479s
id: 1663717337387:  chunks size - 13.43017201716192 mb
id: 1663717297663:  Inserting time: 39.760s
id: 1663717337439:  chunks size - 13.527010014963361 mb
id: 1663717298490:  Inserting time: 41.251s
id: 1663717339763:  chunks size - 13.323587467810082 mb
id: 1663717297754:  Inserting time: 46.144s
id: 1663717343919:  chunks size - 13.353111317408642 mb
id: 1663717298582:  Inserting time: 51.285s
id: 1663717349891:  chunks size - 13.391296437181442 mb
id: 1663717298444:  Inserting time: 54.926s
id: 1663717353391:  chunks size - 13.44755368531824 mb
id: 1663717298182:  Inserting time: 55.752s
id: 1663717337297:  Inserting time: 20.895s
id: 1663717298273:  Inserting time: 1:02.207 (m:ss.mmm)
id: 1663717298056:  Inserting time: 1:03.181 (m:ss.mmm)
id: 1663717297703:  Inserting time: 1:03.733 (m:ss.mmm)
id: 1663717297388:  Inserting time: 1:04.307 (m:ss.mmm)
id: 1663717297427:  Inserting time: 1:05.640 (m:ss.mmm)
id: 1663717297501:  Inserting time: 1:05.969 (m:ss.mmm)
id: 1663717298314:  Inserting time: 1:05.582 (m:ss.mmm)
id: 1663717297849:  Inserting time: 1:06.102 (m:ss.mmm)
id: 1663717336155:  Inserting time: 28.115s
id: 1663717353391:  Inserting time: 10.926s
id: 1663717297930:  Inserting time: 1:07.139 (m:ss.mmm)
id: 1663717297464:  Inserting time: 1:07.728 (m:ss.mmm)
id: 1663717298097:  Inserting time: 1:07.094 (m:ss.mmm)
id: 1663717298225:  Inserting time: 1:07.492 (m:ss.mmm)
id: 1663717297971:  Inserting time: 1:07.898 (m:ss.mmm)
id: 1663717297622:  Inserting time: 1:09.223 (m:ss.mmm)
id: 1663717297581:  Inserting time: 1:09.546 (m:ss.mmm)
id: 1663717298139:  Inserting time: 1:09.000 (m:ss.mmm)
id: 1663717337439:  Inserting time: 29.829s
id: 1663717297338:  Inserting time: 1:10.151 (m:ss.mmm)
id: 1663717298014:  Inserting time: 1:10.359 (m:ss.mmm)
id: 1663717298402:  Inserting time: 1:10.520 (m:ss.mmm)
id: 1663717330210:  Inserting time: 39.030s
id: 1663717349891:  Inserting time: 19.650s
id: 1663717298358:  Inserting time: 1:11.862 (m:ss.mmm)
id: 1663717337387:  Inserting time: 33.627s
id: 1663717339763:  Inserting time: 31.354s
id: 1663717343919:  Inserting time: 27.520s
--------------

arrayToInsert size - 560.885336128488 mb

id: 1663717374489:  chunks size - 13.262941410452642 mb
id: 1663717374533:  chunks size - 13.382934620743681 mb
id: 1663717374581:  chunks size - 13.346925785769121 mb
id: 1663717374624:  chunks size - 13.279478123161441 mb
id: 1663717374667:  chunks size - 13.539354375361441 mb
id: 1663717374747:  chunks size - 13.31152539501072 mb
id: 1663717374815:  chunks size - 13.26405148736112 mb
id: 1663717374858:  chunks size - 13.081573535623681 mb
id: 1663717374901:  chunks size - 14.156683021486561 mb
id: 1663717374945:  chunks size - 13.707437566912802 mb
id: 1663717374988:  chunks size - 14.877084788117282 mb
id: 1663717375031:  chunks size - 14.499679620069122 mb
id: 1663717375072:  chunks size - 14.616109903100641 mb
id: 1663717375115:  chunks size - 14.752698953908322 mb
id: 1663717375158:  chunks size - 15.175827083554562 mb
id: 1663717375201:  chunks size - 15.056631144995041 mb
id: 1663717375244:  chunks size - 15.580625592770401 mb
id: 1663717375286:  chunks size - 15.55611234804912 mb
id: 1663717375328:  chunks size - 15.193805751835201 mb
id: 1663717375371:  chunks size - 13.90722852225552 mb
id: 1663717375412:  chunks size - 13.728578619238561 mb
id: 1663717375452:  chunks size - 13.7705421966672 mb
id: 1663717375495:  chunks size - 13.896444373044961 mb
id: 1663717375536:  chunks size - 13.787607244949282 mb
id: 1663717375577:  chunks size - 13.96506124036896 mb
id: 1663717375619:  chunks size - 14.046051078320641 mb
id: 1663717375660:  chunks size - 13.98483663106848 mb
id: 1663717375702:  chunks size - 13.993040137569121 mb
id: 1663717375745:  chunks size - 13.784095816103042 mb
id: 1663717375788:  chunks size - 13.809309057775202 mb
id: 1663717375328:  Inserting time: 15.717s
id: 1663717391066:  chunks size - 13.874151282140641 mb
id: 1663717374533:  Inserting time: 18.812s
id: 1663717393364:  chunks size - 13.719284109315842 mb
id: 1663717374581:  Inserting time: 23.611s
id: 1663717398209:  chunks size - 13.703977636479841 mb
id: 1663717374667:  Inserting time: 23.619s
id: 1663717398334:  chunks size - 14.033704810573921 mb
id: 1663717375371:  Inserting time: 24.516s
id: 1663717399903:  chunks size - 13.83398824182816 mb
id: 1663717375788:  Inserting time: 28.296s
id: 1663717404103:  chunks size - 13.909565024339521 mb
id: 1663717375745:  Inserting time: 29.787s
id: 1663717405550:  chunks size - 14.026607566284481 mb
id: 1663717375286:  Inserting time: 33.484s
id: 1663717408790:  chunks size - 13.804096273942081 mb
id: 1663717391066:  Inserting time: 18.170s
id: 1663717409261:  chunks size - 13.969947867584642 mb
id: 1663717374945:  Inserting time: 36.471s
id: 1663717411437:  chunks size - 13.69573789035504 mb
id: 1663717375412:  Inserting time: 36.259s
id: 1663717374624:  Inserting time: 38.405s
id: 1663717404103:  Inserting time: 8.964s
id: 1663717375115:  Inserting time: 39.079s
id: 1663717374815:  Inserting time: 39.455s
id: 1663717375577:  Inserting time: 41.669s
id: 1663717375031:  Inserting time: 42.440s
id: 1663717375072:  Inserting time: 43.845s
id: 1663717374988:  Inserting time: 44.748s
id: 1663717374858:  Inserting time: 44.983s
id: 1663717399903:  Inserting time: 20.313s
id: 1663717375244:  Inserting time: 45.325s
id: 1663717375452:  Inserting time: 46.971s
id: 1663717375495:  Inserting time: 47.134s
id: 1663717409261:  Inserting time: 13.534s
id: 1663717374901:  Inserting time: 48.524s
id: 1663717393364:  Inserting time: 30.305s
id: 1663717374489:  Inserting time: 49.331s
id: 1663717398334:  Inserting time: 25.590s
id: 1663717375158:  Inserting time: 48.829s
id: 1663717375536:  Inserting time: 48.882s
id: 1663717374747:  Inserting time: 49.754s
id: 1663717375702:  Inserting time: 48.915s
id: 1663717375201:  Inserting time: 49.418s
id: 1663717398209:  Inserting time: 26.405s
id: 1663717375619:  Inserting time: 49.050s
id: 1663717408790:  Inserting time: 16.954s
id: 1663717411437:  Inserting time: 14.831s
id: 1663717375660:  Inserting time: 50.776s
id: 1663717405550:  Inserting time: 20.931s
--------------

arrayToInsert size - 543.0276586014778 mb

id: 1663717429514:  chunks size - 13.66539769553856 mb
id: 1663717429558:  chunks size - 13.688402227485602 mb
id: 1663717429600:  chunks size - 13.725267461999522 mb
id: 1663717429640:  chunks size - 13.82342534505984 mb
id: 1663717429683:  chunks size - 13.652566961237282 mb
id: 1663717429725:  chunks size - 13.635393194082722 mb
id: 1663717429768:  chunks size - 13.67786603359824 mb
id: 1663717429810:  chunks size - 13.545808843159202 mb
id: 1663717429851:  chunks size - 13.676485113182881 mb
id: 1663717429893:  chunks size - 13.493225148503042 mb
id: 1663717429936:  chunks size - 13.623506597358242 mb
id: 1663717429979:  chunks size - 13.669378332150242 mb
id: 1663717430043:  chunks size - 13.682174734176002 mb
id: 1663717430132:  chunks size - 13.678363851593282 mb
id: 1663717430170:  chunks size - 13.971065573887682 mb
id: 1663717430215:  chunks size - 13.572622350340321 mb
id: 1663717430265:  chunks size - 13.807640127715201 mb
id: 1663717430311:  chunks size - 13.756599478108802 mb
id: 1663717430356:  chunks size - 13.80237203077152 mb
id: 1663717430398:  chunks size - 13.733486227289282 mb
id: 1663717430442:  chunks size - 13.573438695558242 mb
id: 1663717430483:  chunks size - 13.698722890976642 mb
id: 1663717430527:  chunks size - 13.548248342069762 mb
id: 1663717430570:  chunks size - 13.518465093056161 mb
id: 1663717430612:  chunks size - 13.41964154532048 mb
id: 1663717430655:  chunks size - 13.48879247026368 mb
id: 1663717430697:  chunks size - 13.4873009236272 mb
id: 1663717430740:  chunks size - 13.488634160326562 mb
id: 1663717430784:  chunks size - 13.549169591462881 mb
id: 1663717430828:  chunks size - 13.42765050225984 mb
id: 1663717429514:  Inserting time: 17.570s
id: 1663717447106:  chunks size - 13.227769901531042 mb
id: 1663717429851:  Inserting time: 20.926s
id: 1663717450798:  chunks size - 13.423145344772161 mb
id: 1663717430132:  Inserting time: 23.798s
id: 1663717453947:  chunks size - 13.415855458270082 mb
id: 1663717430398:  Inserting time: 25.671s
id: 1663717456088:  chunks size - 13.325264027264641 mb
id: 1663717430170:  Inserting time: 26.305s
id: 1663717456499:  chunks size - 13.502388051369602 mb
id: 1663717430215:  Inserting time: 26.380s
id: 1663717456615:  chunks size - 13.3099175001072 mb
id: 1663717447106:  Inserting time: 15.661s
id: 1663717462788:  chunks size - 13.310356190294401 mb
id: 1663717430483:  Inserting time: 39.095s
id: 1663717469599:  chunks size - 13.591890386301602 mb
id: 1663717430356:  Inserting time: 42.011s
id: 1663717472388:  chunks size - 13.50212292990864 mb
id: 1663717429893:  Inserting time: 42.831s
id: 1663717472745:  chunks size - 13.337837269499522 mb
id: 1663717429640:  Inserting time: 46.027s
id: 1663717429600:  Inserting time: 47.972s
id: 1663717429810:  Inserting time: 49.986s
id: 1663717429683:  Inserting time: 52.149s
id: 1663717430655:  Inserting time: 52.452s
id: 1663717462788:  Inserting time: 20.585s
id: 1663717429558:  Inserting time: 53.820s
id: 1663717430527:  Inserting time: 53.341s
id: 1663717429725:  Inserting time: 56.351s
id: 1663717456499:  Inserting time: 30.425s
id: 1663717429768:  Inserting time: 57.270s
id: 1663717430570:  Inserting time: 56.669s
id: 1663717430612:  Inserting time: 57.021s
id: 1663717430043:  Inserting time: 57.755s
id: 1663717430697:  Inserting time: 57.131s
id: 1663717453947:  Inserting time: 34.279s
id: 1663717430740:  Inserting time: 58.054s
id: 1663717429936:  Inserting time: 59.083s
id: 1663717430442:  Inserting time: 58.985s
id: 1663717430311:  Inserting time: 1:00.065 (m:ss.mmm)
id: 1663717450798:  Inserting time: 39.652s
id: 1663717430828:  Inserting time: 59.909s
id: 1663717430784:  Inserting time: 1:00.135 (m:ss.mmm)
id: 1663717429979:  Inserting time: 1:01.926 (m:ss.mmm)
id: 1663717456088:  Inserting time: 36.679s
id: 1663717472388:  Inserting time: 20.476s
id: 1663717430265:  Inserting time: 1:02.832 (m:ss.mmm)
id: 1663717456615:  Inserting time: 36.648s
id: 1663717469599:  Inserting time: 24.217s
id: 1663717472745:  Inserting time: 22.241s
--------------

arrayToInsert size - 556.3137647611633 mb

id: 1663717498178:  chunks size - 13.536487630355522 mb
id: 1663717498223:  chunks size - 13.24617009386112 mb
id: 1663717498265:  chunks size - 13.451372197295521 mb
id: 1663717498306:  chunks size - 13.399347355790882 mb
id: 1663717498350:  chunks size - 13.405462315530722 mb
id: 1663717498392:  chunks size - 13.362690022278722 mb
id: 1663717498437:  chunks size - 13.279209187003202 mb
id: 1663717498480:  chunks size - 13.382459690932322 mb
id: 1663717498521:  chunks size - 13.274473240330082 mb
id: 1663717498568:  chunks size - 13.36965184481472 mb
id: 1663717498645:  chunks size - 13.234521915716641 mb
id: 1663717498715:  chunks size - 13.403345158540322 mb
id: 1663717498759:  chunks size - 13.37468533787568 mb
id: 1663717498800:  chunks size - 13.347047856082082 mb
id: 1663717498846:  chunks size - 13.207263996302402 mb
id: 1663717498892:  chunks size - 13.213375141344962 mb
id: 1663717498935:  chunks size - 13.383405735857762 mb
id: 1663717498977:  chunks size - 13.25897412528144 mb
id: 1663717499018:  chunks size - 14.982215937805442 mb
id: 1663717499060:  chunks size - 14.805225428105281 mb
id: 1663717499103:  chunks size - 15.51437574510864 mb
id: 1663717499148:  chunks size - 15.073013362464001 mb
id: 1663717499193:  chunks size - 15.181900081624322 mb
id: 1663717499236:  chunks size - 15.189724025745601 mb
id: 1663717499282:  chunks size - 15.044538554617441 mb
id: 1663717499325:  chunks size - 14.942325648348481 mb
id: 1663717499368:  chunks size - 14.859676417080001 mb
id: 1663717499409:  chunks size - 14.638736780016961 mb
id: 1663717499453:  chunks size - 14.593378122009122 mb
id: 1663717499497:  chunks size - 14.127666526626241 mb
id: 1663717499018:  Inserting time: 11.099s
id: 1663717510138:  chunks size - 13.981132560009602 mb
id: 1663717498178:  Inserting time: 22.119s
id: 1663717520319:  chunks size - 13.72224240705648 mb
id: 1663717510138:  Inserting time: 10.834s
id: 1663717520995:  chunks size - 13.818555883981922 mb
id: 1663717498350:  Inserting time: 31.017s
id: 1663717529388:  chunks size - 13.78721814582672 mb
id: 1663717499409:  Inserting time: 30.312s
id: 1663717529743:  chunks size - 13.847755484311682 mb
id: 1663717520995:  Inserting time: 17.338s
id: 1663717538357:  chunks size - 13.649681142744962 mb
id: 1663717498265:  Inserting time: 44.230s
id: 1663717542513:  chunks size - 13.7798691315168 mb
id: 1663717498715:  Inserting time: 45.954s
id: 1663717544687:  chunks size - 13.609987310197921 mb
id: 1663717498392:  Inserting time: 50.526s
id: 1663717548937:  chunks size - 13.354898503084321 mb
id: 1663717498223:  Inserting time: 53.266s
id: 1663717551507:  chunks size - 13.679704717687201 mb
id: 1663717499282:  Inserting time: 55.698s
id: 1663717498645:  Inserting time: 57.465s
id: 1663717499325:  Inserting time: 57.093s
id: 1663717529743:  Inserting time: 26.993s
id: 1663717498521:  Inserting time: 58.748s
id: 1663717498935:  Inserting time: 59.816s
id: 1663717520319:  Inserting time: 38.573s
id: 1663717529388:  Inserting time: 29.643s
id: 1663717544687:  Inserting time: 15.528s
id: 1663717498977:  Inserting time: 1:02.203 (m:ss.mmm)
id: 1663717499368:  Inserting time: 1:01.821 (m:ss.mmm)
id: 1663717498306:  Inserting time: 1:03.320 (m:ss.mmm)
id: 1663717498437:  Inserting time: 1:03.193 (m:ss.mmm)
id: 1663717499103:  Inserting time: 1:02.692 (m:ss.mmm)
id: 1663717499060:  Inserting time: 1:04.508 (m:ss.mmm)
id: 1663717498800:  Inserting time: 1:05.133 (m:ss.mmm)
id: 1663717498568:  Inserting time: 1:05.390 (m:ss.mmm)
id: 1663717498759:  Inserting time: 1:05.960 (m:ss.mmm)
id: 1663717499453:  Inserting time: 1:05.565 (m:ss.mmm)
id: 1663717498846:  Inserting time: 1:06.201 (m:ss.mmm)
id: 1663717499497:  Inserting time: 1:05.879 (m:ss.mmm)
id: 1663717542513:  Inserting time: 24.273s
id: 1663717498892:  Inserting time: 1:10.524 (m:ss.mmm)
id: 1663717498480:  Inserting time: 1:11.964 (m:ss.mmm)
id: 1663717499193:  Inserting time: 1:11.874 (m:ss.mmm)
id: 1663717499236:  Inserting time: 1:12.377 (m:ss.mmm)
id: 1663717499148:  Inserting time: 1:12.922 (m:ss.mmm)
id: 1663717551507:  Inserting time: 20.651s
id: 1663717538357:  Inserting time: 34.087s
id: 1663717548937:  Inserting time: 25.947s
--------------

arrayToInsert size - 545.7689076962804 mb

id: 1663717577910:  chunks size - 13.873821310825921 mb
id: 1663717577955:  chunks size - 13.657159856762402 mb
id: 1663717577997:  chunks size - 13.925907187487041 mb
id: 1663717578038:  chunks size - 14.192792945939042 mb
id: 1663717578081:  chunks size - 14.012641959542401 mb
id: 1663717578125:  chunks size - 13.859027914774082 mb
id: 1663717578168:  chunks size - 13.888366751554562 mb
id: 1663717578208:  chunks size - 13.915267996773121 mb
id: 1663717578253:  chunks size - 13.988615088724321 mb
id: 1663717578296:  chunks size - 13.894189886952482 mb
id: 1663717578339:  chunks size - 13.77871709293824 mb
id: 1663717578381:  chunks size - 13.74825101311152 mb
id: 1663717578422:  chunks size - 13.378698399414242 mb
id: 1663717578465:  chunks size - 13.43182378108416 mb
id: 1663717578507:  chunks size - 13.617832235154241 mb
id: 1663717578550:  chunks size - 13.37109952243248 mb
id: 1663717578612:  chunks size - 13.572399190549442 mb
id: 1663717578689:  chunks size - 13.537809422963042 mb
id: 1663717578747:  chunks size - 13.497840932211842 mb
id: 1663717578795:  chunks size - 13.597263387420481 mb
id: 1663717578834:  chunks size - 13.585134557418721 mb
id: 1663717578883:  chunks size - 13.880983404969122 mb
id: 1663717578931:  chunks size - 13.424127629321761 mb
id: 1663717578978:  chunks size - 13.635946325188321 mb
id: 1663717579020:  chunks size - 13.771429113784802 mb
id: 1663717579064:  chunks size - 13.985885672820482 mb
id: 1663717579108:  chunks size - 13.896869711791682 mb
id: 1663717579151:  chunks size - 13.671371511479041 mb
id: 1663717579196:  chunks size - 13.614437154575041 mb
id: 1663717579237:  chunks size - 13.608985952161921 mb
id: 1663717578465:  Inserting time: 25.130s
id: 1663717603587:  chunks size - 13.417940190333601 mb
id: 1663717578931:  Inserting time: 33.250s
id: 1663717612166:  chunks size - 13.54588132240752 mb
id: 1663717578208:  Inserting time: 34.969s
id: 1663717613167:  chunks size - 13.493276646916321 mb
id: 1663717578081:  Inserting time: 37.967s
id: 1663717616035:  chunks size - 13.415620854387361 mb
id: 1663717578689:  Inserting time: 38.164s
id: 1663717616853:  chunks size - 13.457946828057601 mb
id: 1663717577910:  Inserting time: 40.281s
id: 1663717618178:  chunks size - 13.370893528779362 mb
id: 1663717579151:  Inserting time: 42.166s
id: 1663717621301:  chunks size - 13.25653653371952 mb
id: 1663717578550:  Inserting time: 42.808s
id: 1663717621353:  chunks size - 13.335905125327201 mb
id: 1663717578422:  Inserting time: 44.656s
id: 1663717623062:  chunks size - 13.358079960615841 mb
id: 1663717578296:  Inserting time: 44.854s
id: 1663717623135:  chunks size - 13.302129795610082 mb
id: 1663717577955:  Inserting time: 50.381s
id: 1663717578125:  Inserting time: 50.701s
id: 1663717621353:  Inserting time: 10.162s
id: 1663717618178:  Inserting time: 13.530s
id: 1663717578795:  Inserting time: 52.952s
id: 1663717577997:  Inserting time: 54.043s
id: 1663717578834:  Inserting time: 57.253s
id: 1663717578253:  Inserting time: 57.953s
id: 1663717578381:  Inserting time: 58.255s
id: 1663717578612:  Inserting time: 59.291s
id: 1663717579196:  Inserting time: 58.903s
id: 1663717579020:  Inserting time: 59.201s
id: 1663717621301:  Inserting time: 19.028s
id: 1663717579237:  Inserting time: 1:01.178 (m:ss.mmm)
id: 1663717623062:  Inserting time: 17.838s
id: 1663717578978:  Inserting time: 1:02.089 (m:ss.mmm)
id: 1663717578038:  Inserting time: 1:03.287 (m:ss.mmm)
id: 1663717612166:  Inserting time: 29.422s
id: 1663717578883:  Inserting time: 1:02.908 (m:ss.mmm)
id: 1663717578339:  Inserting time: 1:04.002 (m:ss.mmm)
id: 1663717579064:  Inserting time: 1:03.904 (m:ss.mmm)
id: 1663717578507:  Inserting time: 1:04.621 (m:ss.mmm)
id: 1663717613167:  Inserting time: 30.115s
id: 1663717579108:  Inserting time: 1:05.340 (m:ss.mmm)
id: 1663717616853:  Inserting time: 28.442s
id: 1663717616035:  Inserting time: 29.316s
id: 1663717603587:  Inserting time: 41.951s
id: 1663717623135:  Inserting time: 24.369s
id: 1663717578747:  Inserting time: 1:09.698 (m:ss.mmm)
id: 1663717578168:  Inserting time: 1:11.169 (m:ss.mmm)
--------------

arrayToInsert size - 555.8874284711045 mb

id: 1663717652298:  chunks size - 13.720047048771841 mb
id: 1663717652342:  chunks size - 13.597627691010722 mb
id: 1663717652383:  chunks size - 13.649557165083362 mb
id: 1663717652425:  chunks size - 13.561540654741922 mb
id: 1663717652466:  chunks size - 13.658977560016321 mb
id: 1663717652507:  chunks size - 13.642198614030242 mb
id: 1663717652550:  chunks size - 13.459413579161762 mb
id: 1663717652592:  chunks size - 13.6084652459832 mb
id: 1663717652636:  chunks size - 13.302574207843202 mb
id: 1663717652675:  chunks size - 13.50650220238608 mb
id: 1663717652719:  chunks size - 13.359771778859521 mb
id: 1663717652762:  chunks size - 13.443868687745761 mb
id: 1663717652810:  chunks size - 13.467258504118082 mb
id: 1663717652889:  chunks size - 13.533506444431202 mb
id: 1663717652964:  chunks size - 13.290712406651041 mb
id: 1663717653007:  chunks size - 13.45394521061088 mb
id: 1663717653051:  chunks size - 13.589204839416482 mb
id: 1663717653097:  chunks size - 13.320055058128801 mb
id: 1663717653150:  chunks size - 13.344438603142562 mb
id: 1663717653192:  chunks size - 13.258493473424162 mb
id: 1663717653234:  chunks size - 13.32948308245632 mb
id: 1663717653278:  chunks size - 13.449226430075521 mb
id: 1663717653322:  chunks size - 13.41580777455408 mb
id: 1663717653365:  chunks size - 13.2944775128664 mb
id: 1663717653408:  chunks size - 13.164566089647362 mb
id: 1663717653450:  chunks size - 13.21959309791136 mb
id: 1663717653494:  chunks size - 13.257642795930721 mb
id: 1663717653538:  chunks size - 16.216371597363363 mb
id: 1663717653582:  chunks size - 16.23014646924144 mb
id: 1663717653623:  chunks size - 16.26809698513152 mb
id: 1663717653097:  Inserting time: 20.782s
id: 1663717673902:  chunks size - 16.18399053950208 mb
id: 1663717653365:  Inserting time: 24.389s
id: 1663717677772:  chunks size - 15.16087919226288 mb
id: 1663717653494:  Inserting time: 24.482s
id: 1663717677997:  chunks size - 14.141561561468642 mb
id: 1663717653051:  Inserting time: 25.980s
id: 1663717679051:  chunks size - 14.249347740463682 mb
id: 1663717652466:  Inserting time: 28.069s
id: 1663717680553:  chunks size - 14.226533943380641 mb
id: 1663717653278:  Inserting time: 28.398s
id: 1663717681697:  chunks size - 14.160892539935041 mb
id: 1663717653007:  Inserting time: 31.851s
id: 1663717684875:  chunks size - 13.976932578304321 mb
id: 1663717652964:  Inserting time: 33.478s
id: 1663717686459:  chunks size - 14.13559346757408 mb
id: 1663717652550:  Inserting time: 39.344s
id: 1663717691913:  chunks size - 14.09444242066608 mb
id: 1663717652889:  Inserting time: 39.763s
id: 1663717692705:  chunks size - 13.943683676811842 mb
id: 1663717652810:  Inserting time: 39.961s
id: 1663717653234:  Inserting time: 40.593s
id: 1663717653150:  Inserting time: 42.529s
id: 1663717652507:  Inserting time: 43.499s
id: 1663717653322:  Inserting time: 43.556s
id: 1663717653538:  Inserting time: 43.466s
id: 1663717684875:  Inserting time: 12.495s
id: 1663717652719:  Inserting time: 44.809s
id: 1663717681697:  Inserting time: 16.581s
id: 1663717680553:  Inserting time: 19.533s
id: 1663717692705:  Inserting time: 7.441s
id: 1663717653408:  Inserting time: 48.820s
id: 1663717677997:  Inserting time: 25.509s
id: 1663717677772:  Inserting time: 25.913s
id: 1663717686459:  Inserting time: 17.738s
id: 1663717679051:  Inserting time: 25.253s
id: 1663717652592:  Inserting time: 52.938s
id: 1663717653623:  Inserting time: 52.609s
id: 1663717653582:  Inserting time: 52.806s
id: 1663717673902:  Inserting time: 33.456s
id: 1663717652762:  Inserting time: 55.182s
id: 1663717652425:  Inserting time: 55.963s
id: 1663717652636:  Inserting time: 56.797s
id: 1663717691913:  Inserting time: 17.516s
id: 1663717652298:  Inserting time: 57.494s
id: 1663717652675:  Inserting time: 57.501s
id: 1663717652383:  Inserting time: 59.172s
id: 1663717653192:  Inserting time: 58.568s
id: 1663717653450:  Inserting time: 59.176s
id: 1663717652342:  Inserting time: 1:00.441 (m:ss.mmm)
--------------

arrayToInsert size - 562.1222536288767 mb

id: 1663717715844:  chunks size - 15.075128612105761 mb
id: 1663717715887:  chunks size - 14.20693021405872 mb
id: 1663717715929:  chunks size - 14.512342507690082 mb
id: 1663717715971:  chunks size - 14.529199654970402 mb
id: 1663717716011:  chunks size - 14.314870888293601 mb
id: 1663717716054:  chunks size - 14.216974311996962 mb
id: 1663717716096:  chunks size - 14.316602760858721 mb
id: 1663717716138:  chunks size - 14.375429207613601 mb
id: 1663717716179:  chunks size - 14.26291280399136 mb
id: 1663717716221:  chunks size - 14.102794700360642 mb
id: 1663717716263:  chunks size - 14.572881753523681 mb
id: 1663717716304:  chunks size - 14.401115471748481 mb
id: 1663717716346:  chunks size - 14.701744134990722 mb
id: 1663717716386:  chunks size - 14.55118566274368 mb
id: 1663717716446:  chunks size - 14.30324369098416 mb
id: 1663717716522:  chunks size - 14.126421027964321 mb
id: 1663717716572:  chunks size - 14.382373864011841 mb
id: 1663717716615:  chunks size - 14.07813268244544 mb
id: 1663717716654:  chunks size - 14.166250282264802 mb
id: 1663717716705:  chunks size - 14.012388282173282 mb
id: 1663717716752:  chunks size - 13.9395046759416 mb
id: 1663717716796:  chunks size - 14.156723075808001 mb
id: 1663717716836:  chunks size - 14.032566123435842 mb
id: 1663717716879:  chunks size - 13.885417990557121 mb
id: 1663717716922:  chunks size - 13.736654333380322 mb
id: 1663717716966:  chunks size - 13.779821447800801 mb
id: 1663717717010:  chunks size - 13.728950552223361 mb
id: 1663717717050:  chunks size - 13.714748434249922 mb
id: 1663717717091:  chunks size - 13.755243353225762 mb
id: 1663717717132:  chunks size - 13.674575857194242 mb
id: 1663717716879:  Inserting time: 12.076s
id: 1663717728976:  chunks size - 13.7165451566688 mb
id: 1663717716705:  Inserting time: 19.422s
id: 1663717736148:  chunks size - 13.794050268655202 mb
id: 1663717716096:  Inserting time: 26.264s
id: 1663717742378:  chunks size - 13.540617040161122 mb
id: 1663717716752:  Inserting time: 28.495s
id: 1663717745266:  chunks size - 13.674440435440802 mb
id: 1663717716615:  Inserting time: 29.964s
id: 1663717746597:  chunks size - 13.469945958351841 mb
id: 1663717716221:  Inserting time: 39.473s
id: 1663717755714:  chunks size - 13.74953084404896 mb
id: 1663717716922:  Inserting time: 44.766s
id: 1663717761706:  chunks size - 13.79827695324144 mb
id: 1663717716836:  Inserting time: 45.507s
id: 1663717762364:  chunks size - 13.691667608357282 mb
id: 1663717716179:  Inserting time: 46.898s
id: 1663717763096:  chunks size - 13.541076711183361 mb
id: 1663717717050:  Inserting time: 47.730s
id: 1663717764800:  chunks size - 13.532974294160642 mb
id: 1663717716138:  Inserting time: 48.839s
id: 1663717736148:  Inserting time: 33.194s
id: 1663717717091:  Inserting time: 52.394s
id: 1663717728976:  Inserting time: 42.764s
id: 1663717763096:  Inserting time: 8.895s
id: 1663717716522:  Inserting time: 55.497s
id: 1663717716346:  Inserting time: 55.984s
id: 1663717716446:  Inserting time: 57.735s
id: 1663717716572:  Inserting time: 57.961s
id: 1663717717132:  Inserting time: 58.615s
id: 1663717716966:  Inserting time: 59.037s
id: 1663717716796:  Inserting time: 59.207s
id: 1663717716304:  Inserting time: 59.986s
id: 1663717745266:  Inserting time: 31.621s
id: 1663717716263:  Inserting time: 1:00.933 (m:ss.mmm)
id: 1663717746597:  Inserting time: 31.328s
id: 1663717717010:  Inserting time: 1:01.501 (m:ss.mmm)
id: 1663717715971:  Inserting time: 1:03.009 (m:ss.mmm)
id: 1663717716654:  Inserting time: 1:02.669 (m:ss.mmm)
id: 1663717742378:  Inserting time: 37.247s
id: 1663717755714:  Inserting time: 24.172s
id: 1663717762364:  Inserting time: 17.715s
id: 1663717716386:  Inserting time: 1:04.631 (m:ss.mmm)
id: 1663717716011:  Inserting time: 1:06.114 (m:ss.mmm)
id: 1663717764800:  Inserting time: 17.545s
id: 1663717761706:  Inserting time: 21.093s
id: 1663717715887:  Inserting time: 1:07.413 (m:ss.mmm)
id: 1663717715929:  Inserting time: 1:07.450 (m:ss.mmm)
id: 1663717716054:  Inserting time: 1:09.742 (m:ss.mmm)
id: 1663717715844:  Inserting time: 1:11.351 (m:ss.mmm)
--------------

arrayToInsert size - 546.2432920059293 mb

id: 1663717790172:  chunks size - 13.754211477611522 mb
id: 1663717790216:  chunks size - 13.531049779382881 mb
id: 1663717790256:  chunks size - 13.979803138007522 mb
id: 1663717790299:  chunks size - 13.92283254147936 mb
id: 1663717790341:  chunks size - 14.03573422952688 mb
id: 1663717790383:  chunks size - 14.051029258271042 mb
id: 1663717790422:  chunks size - 14.092477851566882 mb
id: 1663717790463:  chunks size - 13.892671637435042 mb
id: 1663717790505:  chunks size - 13.890068106541442 mb
id: 1663717790546:  chunks size - 13.905414633698882 mb
id: 1663717790587:  chunks size - 13.744918875037442 mb
id: 1663717790628:  chunks size - 13.918394141194081 mb
id: 1663717790670:  chunks size - 13.508434346558401 mb
id: 1663717790713:  chunks size - 13.542564443122561 mb
id: 1663717790755:  chunks size - 13.538995793817122 mb
id: 1663717790796:  chunks size - 13.236549427320961 mb
id: 1663717790853:  chunks size - 13.583437017129121 mb
id: 1663717790939:  chunks size - 13.586029103930882 mb
id: 1663717790997:  chunks size - 13.287117054464641 mb
id: 1663717791040:  chunks size - 13.449752858300162 mb
id: 1663717791080:  chunks size - 13.428428700504961 mb
id: 1663717791128:  chunks size - 13.516731313142401 mb
id: 1663717791174:  chunks size - 13.606720021977601 mb
id: 1663717791219:  chunks size - 13.555725148738562 mb
id: 1663717791263:  chunks size - 13.405660679789282 mb
id: 1663717791304:  chunks size - 13.376649906974881 mb
id: 1663717791346:  chunks size - 13.441221287833441 mb
id: 1663717791386:  chunks size - 13.581584981599681 mb
id: 1663717791428:  chunks size - 13.53940205907744 mb
id: 1663717791469:  chunks size - 13.543577245250402 mb
id: 1663717790713:  Inserting time: 20.285s
id: 1663717811016:  chunks size - 13.508655599000642 mb
id: 1663717790755:  Inserting time: 23.531s
id: 1663717814305:  chunks size - 13.57089810716976 mb
id: 1663717790997:  Inserting time: 24.197s
id: 1663717815216:  chunks size - 13.53556256626512 mb
id: 1663717790939:  Inserting time: 28.824s
id: 1663717819797:  chunks size - 13.487783482833121 mb
id: 1663717790587:  Inserting time: 31.441s
id: 1663717822048:  chunks size - 13.350385716202082 mb
id: 1663717790341:  Inserting time: 32.162s
id: 1663717822521:  chunks size - 13.340530445779201 mb
id: 1663717790853:  Inserting time: 40.257s
id: 1663717831166:  chunks size - 13.346525242554721 mb
id: 1663717791080:  Inserting time: 41.369s
id: 1663717832468:  chunks size - 13.256435444241601 mb
id: 1663717790505:  Inserting time: 44.727s
id: 1663717835251:  chunks size - 14.276670509731682 mb
id: 1663717791428:  Inserting time: 48.648s
id: 1663717840095:  chunks size - 15.122657832865922 mb
id: 1663717791346:  Inserting time: 50.031s
id: 1663717790796:  Inserting time: 50.674s
id: 1663717791174:  Inserting time: 51.872s
id: 1663717790383:  Inserting time: 52.946s
id: 1663717790546:  Inserting time: 52.932s
id: 1663717791304:  Inserting time: 52.232s
id: 1663717811016:  Inserting time: 36.369s
id: 1663717791219:  Inserting time: 56.750s
id: 1663717791263:  Inserting time: 59.014s
id: 1663717791386:  Inserting time: 59.455s
id: 1663717832468:  Inserting time: 19.551s
id: 1663717819797:  Inserting time: 32.678s
id: 1663717791469:  Inserting time: 1:02.130 (m:ss.mmm)
id: 1663717791128:  Inserting time: 1:02.619 (m:ss.mmm)
id: 1663717790463:  Inserting time: 1:04.373 (m:ss.mmm)
id: 1663717822521:  Inserting time: 32.922s
id: 1663717814305:  Inserting time: 43.883s
id: 1663717790628:  Inserting time: 1:07.570 (m:ss.mmm)
id: 1663717815216:  Inserting time: 43.259s
id: 1663717822048:  Inserting time: 37.152s
id: 1663717790670:  Inserting time: 1:08.933 (m:ss.mmm)
id: 1663717790299:  Inserting time: 1:10.886 (m:ss.mmm)
id: 1663717831166:  Inserting time: 30.287s
id: 1663717791040:  Inserting time: 1:11.989 (m:ss.mmm)
id: 1663717835251:  Inserting time: 27.876s
id: 1663717790256:  Inserting time: 1:13.635 (m:ss.mmm)
id: 1663717790216:  Inserting time: 1:14.271 (m:ss.mmm)
id: 1663717790172:  Inserting time: 1:15.106 (m:ss.mmm)
id: 1663717790422:  Inserting time: 1:14.881 (m:ss.mmm)
id: 1663717840095:  Inserting time: 25.997s
--------------

arrayToInsert size - 559.6898233523765 mb

id: 1663717869131:  chunks size - 13.375936558583522 mb
id: 1663717869175:  chunks size - 13.382970860367841 mb
id: 1663717869215:  chunks size - 13.53110699984208 mb
id: 1663717869256:  chunks size - 13.239139606774081 mb
id: 1663717869298:  chunks size - 13.280925800779201 mb
id: 1663717869338:  chunks size - 13.31115536937456 mb
id: 1663717869376:  chunks size - 13.269762089189282 mb
id: 1663717869418:  chunks size - 13.28262715576608 mb
id: 1663717869459:  chunks size - 13.12720112978976 mb
id: 1663717869501:  chunks size - 13.292377522013762 mb
id: 1663717869542:  chunks size - 13.295471241507842 mb
id: 1663717869582:  chunks size - 16.909898821656483 mb
id: 1663717869642:  chunks size - 17.07757574794752 mb
id: 1663717869683:  chunks size - 15.684217512106082 mb
id: 1663717869726:  chunks size - 14.060302787358722 mb
id: 1663717869767:  chunks size - 14.350603157715362 mb
id: 1663717869809:  chunks size - 14.221817070193921 mb
id: 1663717869853:  chunks size - 14.234396034474722 mb
id: 1663717869907:  chunks size - 14.142063194160961 mb
id: 1663717869983:  chunks size - 14.404253060261281 mb
id: 1663717870052:  chunks size - 14.038036399335361 mb
id: 1663717870093:  chunks size - 14.331796700124961 mb
id: 1663717870131:  chunks size - 14.294542366488482 mb
id: 1663717870174:  chunks size - 14.147264533902241 mb
id: 1663717870218:  chunks size - 14.284086281244 mb
id: 1663717870261:  chunks size - 14.125518852057601 mb
id: 1663717870313:  chunks size - 14.225227409562242 mb
id: 1663717870359:  chunks size - 14.07705503046384 mb
id: 1663717870402:  chunks size - 14.250642830190241 mb
id: 1663717870442:  chunks size - 14.079378181107362 mb
id: 1663717870174:  Inserting time: 38.349s
id: 1663717908544:  chunks size - 14.143262916455521 mb
id: 1663717870052:  Inserting time: 40.023s
id: 1663717910097:  chunks size - 13.901584677629762 mb
id: 1663717869338:  Inserting time: 42.111s
id: 1663717911466:  chunks size - 13.762603811627521 mb
id: 1663717869683:  Inserting time: 52.119s
id: 1663717921820:  chunks size - 13.573898366580481 mb
id: 1663717869418:  Inserting time: 54.355s
id: 1663717923792:  chunks size - 13.85541158175264 mb
id: 1663717870313:  Inserting time: 54.364s
id: 1663717924702:  chunks size - 13.362030079649282 mb
id: 1663717869983:  Inserting time: 55.660s
id: 1663717925690:  chunks size - 13.371038487276001 mb
id: 1663717869853:  Inserting time: 56.553s
id: 1663717926424:  chunks size - 13.593118718825762 mb
id: 1663717869131:  Inserting time: 58.526s
id: 1663717927675:  chunks size - 13.4158039598568 mb
id: 1663717911466:  Inserting time: 16.594s
id: 1663717928097:  chunks size - 13.383720448383361 mb
id: 1663717870218:  Inserting time: 59.024s
id: 1663717869726:  Inserting time: 59.723s
id: 1663717870093:  Inserting time: 59.645s
id: 1663717869542:  Inserting time: 1:02.584 (m:ss.mmm)
id: 1663717870402:  Inserting time: 1:03.744 (m:ss.mmm)
id: 1663717925690:  Inserting time: 9.012s
id: 1663717870359:  Inserting time: 1:04.358 (m:ss.mmm)
id: 1663717870131:  Inserting time: 1:04.671 (m:ss.mmm)
id: 1663717910097:  Inserting time: 24.889s
id: 1663717870442:  Inserting time: 1:04.881 (m:ss.mmm)
id: 1663717869642:  Inserting time: 1:06.576 (m:ss.mmm)
id: 1663717869256:  Inserting time: 1:07.730 (m:ss.mmm)
id: 1663717869582:  Inserting time: 1:09.710 (m:ss.mmm)
id: 1663717869501:  Inserting time: 1:12.807 (m:ss.mmm)
id: 1663717869376:  Inserting time: 1:13.123 (m:ss.mmm)
id: 1663717869809:  Inserting time: 1:16.359 (m:ss.mmm)
id: 1663717926424:  Inserting time: 20.446s
id: 1663717869215:  Inserting time: 1:17.837 (m:ss.mmm)
id: 1663717921820:  Inserting time: 25.699s
id: 1663717923792:  Inserting time: 23.776s
id: 1663717924702:  Inserting time: 23.315s
id: 1663717908544:  Inserting time: 40.528s
id: 1663717928097:  Inserting time: 21.032s
id: 1663717869298:  Inserting time: 1:20.185 (m:ss.mmm)
id: 1663717927675:  Inserting time: 22.440s
id: 1663717869175:  Inserting time: 1:21.678 (m:ss.mmm)
id: 1663717869459:  Inserting time: 1:22.519 (m:ss.mmm)
id: 1663717870261:  Inserting time: 1:21.792 (m:ss.mmm)
id: 1663717869767:  Inserting time: 1:22.550 (m:ss.mmm)
id: 1663717869907:  Inserting time: 1:24.418 (m:ss.mmm)
--------------

arrayToInsert size - 543.4075337860148 mb

id: 1663717957344:  chunks size - 13.694093755827362 mb
id: 1663717957388:  chunks size - 13.903772406519842 mb
id: 1663717957433:  chunks size - 13.5910416161568 mb
id: 1663717957473:  chunks size - 13.914001517276162 mb
id: 1663717957518:  chunks size - 13.918716483114242 mb
id: 1663717957561:  chunks size - 13.845693640431842 mb
id: 1663717957604:  chunks size - 13.772966436788641 mb
id: 1663717957647:  chunks size - 13.62299352057408 mb
id: 1663717957689:  chunks size - 13.731906942615362 mb
id: 1663717957732:  chunks size - 13.662633947359202 mb
id: 1663717957775:  chunks size - 13.804973654316482 mb
id: 1663717957817:  chunks size - 13.667770437246721 mb
id: 1663717957857:  chunks size - 13.652492574640322 mb
id: 1663717957901:  chunks size - 13.597930959444481 mb
id: 1663717957945:  chunks size - 13.790308050623521 mb
id: 1663717958028:  chunks size - 13.480703404681442 mb
id: 1663717958110:  chunks size - 13.719448141298882 mb
id: 1663717958148:  chunks size - 13.720047048771841 mb
id: 1663717958191:  chunks size - 13.690153173537121 mb
id: 1663717958232:  chunks size - 13.600442937603361 mb
id: 1663717958278:  chunks size - 13.738817266738081 mb
id: 1663717958326:  chunks size - 13.582712224645922 mb
id: 1663717958372:  chunks size - 13.700792364251042 mb
id: 1663717958418:  chunks size - 13.85603147006064 mb
id: 1663717958459:  chunks size - 13.606575063480962 mb
id: 1663717958503:  chunks size - 13.531755498379681 mb
id: 1663717958546:  chunks size - 13.364431431587041 mb
id: 1663717958589:  chunks size - 13.441675236809761 mb
id: 1663717958632:  chunks size - 13.24192624313712 mb
id: 1663717958672:  chunks size - 13.371372273288001 mb
id: 1663717957433:  Inserting time: 15.659s
id: 1663717973110:  chunks size - 13.389556935221762 mb
id: 1663717957775:  Inserting time: 24.255s
id: 1663717982048:  chunks size - 13.4793377430552 mb
id: 1663717957817:  Inserting time: 29.270s
id: 1663717987105:  chunks size - 13.387537053012002 mb
id: 1663717957647:  Inserting time: 29.678s
id: 1663717987345:  chunks size - 13.454011967813281 mb
id: 1663717957901:  Inserting time: 29.995s
id: 1663717987918:  chunks size - 13.209049274629441 mb
id: 1663717957689:  Inserting time: 30.392s
id: 1663717988102:  chunks size - 13.388397267248642 mb
id: 1663717958232:  Inserting time: 30.151s
id: 1663717988400:  chunks size - 13.27803998228688 mb
id: 1663717988400:  Inserting time: 9.599s
id: 1663717998021:  chunks size - 13.47231870006 mb
id: 1663717987345:  Inserting time: 16.745s
id: 1663718004113:  chunks size - 13.20249371735376 mb
id: 1663717957388:  Inserting time: 47.385s
id: 1663718004791:  chunks size - 13.32861142412784 mb
id: 1663717998021:  Inserting time: 14.598s
id: 1663717958418:  Inserting time: 55.968s
id: 1663717958326:  Inserting time: 56.293s
id: 1663717958503:  Inserting time: 56.117s
id: 1663717958372:  Inserting time: 57.278s
id: 1663717958589:  Inserting time: 57.438s
id: 1663717958459:  Inserting time: 58.975s
id: 1663717958546:  Inserting time: 59.922s
id: 1663717958148:  Inserting time: 1:00.472 (m:ss.mmm)
id: 1663717987105:  Inserting time: 32.491s
id: 1663717958632:  Inserting time: 1:01.140 (m:ss.mmm)
id: 1663717988102:  Inserting time: 32.627s
id: 1663717957732:  Inserting time: 1:03.145 (m:ss.mmm)
id: 1663717982048:  Inserting time: 39.108s
id: 1663718004113:  Inserting time: 17.811s
id: 1663717957344:  Inserting time: 1:05.530 (m:ss.mmm)
id: 1663717973110:  Inserting time: 50.260s
id: 1663717958278:  Inserting time: 1:05.841 (m:ss.mmm)
id: 1663717957857:  Inserting time: 1:07.523 (m:ss.mmm)
id: 1663717958191:  Inserting time: 1:07.455 (m:ss.mmm)
id: 1663717987918:  Inserting time: 38.795s
id: 1663717958672:  Inserting time: 1:08.882 (m:ss.mmm)
id: 1663717957473:  Inserting time: 1:10.245 (m:ss.mmm)
id: 1663717958110:  Inserting time: 1:09.740 (m:ss.mmm)
id: 1663717957604:  Inserting time: 1:10.419 (m:ss.mmm)
id: 1663717957518:  Inserting time: 1:11.527 (m:ss.mmm)
id: 1663718004791:  Inserting time: 26.823s
id: 1663717957561:  Inserting time: 1:14.062 (m:ss.mmm)
id: 1663717957945:  Inserting time: 1:14.121 (m:ss.mmm)
id: 1663717958028:  Inserting time: 1:14.390 (m:ss.mmm)
--------------

arrayToInsert size - 556.0086786241493 mb

id: 1663718035425:  chunks size - 13.350778630021921 mb
id: 1663718035466:  chunks size - 13.4347057848792 mb
id: 1663718035507:  chunks size - 13.631969503273922 mb
id: 1663718035550:  chunks size - 13.399936726520641 mb
id: 1663718035590:  chunks size - 13.473323872793282 mb
id: 1663718035631:  chunks size - 13.386137059110242 mb
id: 1663718035673:  chunks size - 13.49432187397104 mb
id: 1663718035715:  chunks size - 13.3481407668528 mb
id: 1663718035774:  chunks size - 13.526432088325441 mb
id: 1663718035854:  chunks size - 13.4563446552 mb
id: 1663718035893:  chunks size - 13.517013600741121 mb
id: 1663718035939:  chunks size - 13.425432255791522 mb
id: 1663718035988:  chunks size - 13.399393132158242 mb
id: 1663718036030:  chunks size - 13.373771717877121 mb
id: 1663718036070:  chunks size - 13.418304493923841 mb
id: 1663718036110:  chunks size - 13.509008458499041 mb
id: 1663718036150:  chunks size - 13.43648152646304 mb
id: 1663718036188:  chunks size - 13.407417347886721 mb
id: 1663718036229:  chunks size - 13.362272312926562 mb
id: 1663718036270:  chunks size - 13.40737729356528 mb
id: 1663718036316:  chunks size - 13.414867451674562 mb
id: 1663718036367:  chunks size - 13.168546726259041 mb
id: 1663718036415:  chunks size - 14.443136269636321 mb
id: 1663718036457:  chunks size - 14.826309259971842 mb
id: 1663718036501:  chunks size - 14.67890935707264 mb
id: 1663718036544:  chunks size - 14.990827616915041 mb
id: 1663718036585:  chunks size - 15.014383372619042 mb
id: 1663718036629:  chunks size - 14.93671804334688 mb
id: 1663718036672:  chunks size - 14.829017695040642 mb
id: 1663718036715:  chunks size - 14.974468287629762 mb
id: 1663718035631:  Inserting time: 19.256s
id: 1663718054907:  chunks size - 14.735523279405122 mb
id: 1663718035854:  Inserting time: 20.795s
id: 1663718056668:  chunks size - 14.690412576720481 mb
id: 1663718036030:  Inserting time: 25.063s
id: 1663718061112:  chunks size - 14.649662073026882 mb
id: 1663718036110:  Inserting time: 34.595s
id: 1663718070721:  chunks size - 14.460313851488161 mb
id: 1663718035466:  Inserting time: 41.454s
id: 1663718076937:  chunks size - 14.585762078889601 mb
id: 1663718036367:  Inserting time: 40.595s
id: 1663718076986:  chunks size - 14.054840140853761 mb
id: 1663718036229:  Inserting time: 43.594s
id: 1663718079842:  chunks size - 13.66572003745872 mb
id: 1663718036715:  Inserting time: 49.270s
id: 1663718086003:  chunks size - 13.666608861924962 mb
id: 1663718036188:  Inserting time: 49.858s
id: 1663718086065:  chunks size - 13.697866491437281 mb
id: 1663718035988:  Inserting time: 50.845s
id: 1663718086852:  chunks size - 13.766222051997602 mb
id: 1663718036501:  Inserting time: 51.538s
id: 1663718036457:  Inserting time: 52.552s
id: 1663718056668:  Inserting time: 33.255s
id: 1663718036270:  Inserting time: 53.858s
id: 1663718070721:  Inserting time: 21.453s
id: 1663718036672:  Inserting time: 55.669s
id: 1663718036544:  Inserting time: 55.833s
id: 1663718076986:  Inserting time: 16.642s
id: 1663718035715:  Inserting time: 58.097s
id: 1663718036415:  Inserting time: 57.827s
id: 1663718036316:  Inserting time: 58.340s
id: 1663718086065:  Inserting time: 11.508s
id: 1663718036629:  Inserting time: 1:01.599 (m:ss.mmm)
id: 1663718061112:  Inserting time: 37.383s
id: 1663718076937:  Inserting time: 21.887s
id: 1663718035425:  Inserting time: 1:03.871 (m:ss.mmm)
id: 1663718086003:  Inserting time: 13.768s
id: 1663718036150:  Inserting time: 1:04.023 (m:ss.mmm)
id: 1663718035507:  Inserting time: 1:05.422 (m:ss.mmm)
id: 1663718036585:  Inserting time: 1:04.792 (m:ss.mmm)
id: 1663718036070:  Inserting time: 1:05.502 (m:ss.mmm)
id: 1663718035550:  Inserting time: 1:06.698 (m:ss.mmm)
id: 1663718079842:  Inserting time: 22.418s
id: 1663718035774:  Inserting time: 1:07.747 (m:ss.mmm)
id: 1663718035590:  Inserting time: 1:08.630 (m:ss.mmm)
id: 1663718035673:  Inserting time: 1:08.622 (m:ss.mmm)
id: 1663718035893:  Inserting time: 1:08.443 (m:ss.mmm)
id: 1663718035939:  Inserting time: 1:08.789 (m:ss.mmm)
id: 1663718054907:  Inserting time: 49.889s
id: 1663718086852:  Inserting time: 21.909s
--------------

arrayToInsert size - 552.4626771764607 mb

id: 1663718111870:  chunks size - 14.078313880566242 mb
id: 1663718111915:  chunks size - 13.990402274400001 mb
id: 1663718111958:  chunks size - 14.161872917136002 mb
id: 1663718111999:  chunks size - 14.215564781352002 mb
id: 1663718112042:  chunks size - 14.07264333305952 mb
id: 1663718112086:  chunks size - 14.054031425030402 mb
id: 1663718112131:  chunks size - 13.972208075723042 mb
id: 1663718112171:  chunks size - 13.900590948988322 mb
id: 1663718112215:  chunks size - 13.96452146070384 mb
id: 1663718112258:  chunks size - 14.02945905250128 mb
id: 1663718112300:  chunks size - 14.007673316335202 mb
id: 1663718112349:  chunks size - 14.106033378351361 mb
id: 1663718112435:  chunks size - 14.12598043042848 mb
id: 1663718112503:  chunks size - 13.79489713145136 mb
id: 1663718112546:  chunks size - 13.895866446407041 mb
id: 1663718112593:  chunks size - 13.75691800533168 mb
id: 1663718112639:  chunks size - 13.459787419495202 mb
id: 1663718112681:  chunks size - 13.55042653421664 mb
id: 1663718112724:  chunks size - 14.056272559682402 mb
id: 1663718112766:  chunks size - 13.79233556222784 mb
id: 1663718112808:  chunks size - 13.687616399845922 mb
id: 1663718112849:  chunks size - 13.627012304158562 mb
id: 1663718112892:  chunks size - 13.410057118404481 mb
id: 1663718112935:  chunks size - 13.427883198793921 mb
id: 1663718112978:  chunks size - 13.345115711909761 mb
id: 1663718113021:  chunks size - 13.453233769568161 mb
id: 1663718113063:  chunks size - 13.606105855715521 mb
id: 1663718113106:  chunks size - 13.712276510412481 mb
id: 1663718113150:  chunks size - 13.902629904684481 mb
id: 1663718113193:  chunks size - 14.304046684761602 mb
id: 1663718112724:  Inserting time: 10.967s
id: 1663718123711:  chunks size - 14.008222632743522 mb
id: 1663718112300:  Inserting time: 21.372s
id: 1663718133691:  chunks size - 13.76360326231488 mb
id: 1663718113106:  Inserting time: 28.563s
id: 1663718141691:  chunks size - 13.673620275525602 mb
id: 1663718112503:  Inserting time: 29.217s
id: 1663718141742:  chunks size - 13.895317129998721 mb
id: 1663718112935:  Inserting time: 31.689s
id: 1663718144643:  chunks size - 13.749794058161282 mb
id: 1663718112978:  Inserting time: 32.169s
id: 1663718145165:  chunks size - 13.569526723497601 mb
id: 1663718112766:  Inserting time: 34.315s
id: 1663718147099:  chunks size - 13.62972646127328 mb
id: 1663718113193:  Inserting time: 34.448s
id: 1663718147660:  chunks size - 13.587240270317281 mb
id: 1663718112258:  Inserting time: 35.921s
id: 1663718148197:  chunks size - 13.519903233930721 mb
id: 1663718113063:  Inserting time: 37.076s
id: 1663718150160:  chunks size - 13.603946737055042 mb
id: 1663718112808:  Inserting time: 39.341s
id: 1663718113021:  Inserting time: 39.302s
id: 1663718112892:  Inserting time: 39.779s
id: 1663718112435:  Inserting time: 43.013s
id: 1663718112681:  Inserting time: 44.140s
id: 1663718113150:  Inserting time: 43.851s
id: 1663718123711:  Inserting time: 37.376s
id: 1663718112546:  Inserting time: 49.723s
id: 1663718141691:  Inserting time: 21.200s
id: 1663718112171:  Inserting time: 50.832s
id: 1663718111999:  Inserting time: 52.552s
id: 1663718147099:  Inserting time: 18.733s
id: 1663718112042:  Inserting time: 53.809s
id: 1663718141742:  Inserting time: 24.247s
id: 1663718112131:  Inserting time: 53.859s
id: 1663718145165:  Inserting time: 21.554s
id: 1663718147660:  Inserting time: 20.377s
id: 1663718112086:  Inserting time: 56.439s
id: 1663718112639:  Inserting time: 56.311s
id: 1663718144643:  Inserting time: 24.775s
id: 1663718112215:  Inserting time: 58.040s
id: 1663718150160:  Inserting time: 20.509s
id: 1663718111958:  Inserting time: 59.214s
id: 1663718133691:  Inserting time: 38.609s
id: 1663718111915:  Inserting time: 1:00.408 (m:ss.mmm)
id: 1663718111870:  Inserting time: 1:00.581 (m:ss.mmm)
id: 1663718112849:  Inserting time: 59.937s
id: 1663718148197:  Inserting time: 25.287s
id: 1663718112593:  Inserting time: 1:01.151 (m:ss.mmm)
id: 1663718112349:  Inserting time: 1:02.859 (m:ss.mmm)
--------------

arrayToInsert size - 551.2517930776594 mb

id: 1663718178278:  chunks size - 13.63996892347008 mb
id: 1663718178323:  chunks size - 13.894023947620802 mb
id: 1663718178364:  chunks size - 13.595365575523681 mb
id: 1663718178407:  chunks size - 13.695442251315841 mb
id: 1663718178449:  chunks size - 13.562696508017762 mb
id: 1663718178492:  chunks size - 13.656978658641602 mb
id: 1663718178533:  chunks size - 13.55282025675984 mb
id: 1663718178576:  chunks size - 13.42922025019056 mb
id: 1663718178619:  chunks size - 13.379568150394082 mb
id: 1663718178662:  chunks size - 13.445751240853442 mb
id: 1663718178705:  chunks size - 13.268211414744961 mb
id: 1663718178747:  chunks size - 13.276401569805122 mb
id: 1663718178790:  chunks size - 13.31949620497728 mb
id: 1663718178833:  chunks size - 13.268400242260322 mb
id: 1663718178875:  chunks size - 13.28654866456992 mb
id: 1663718178915:  chunks size - 13.347086003054882 mb
id: 1663718178959:  chunks size - 13.194803287637281 mb
id: 1663718179003:  chunks size - 13.152191211671042 mb
id: 1663718179056:  chunks size - 13.358743717942561 mb
id: 1663718179137:  chunks size - 13.431675007890242 mb
id: 1663718179207:  chunks size - 13.256256153469442 mb
id: 1663718179251:  chunks size - 13.461847356026402 mb
id: 1663718179293:  chunks size - 13.078554202726561 mb
id: 1663718179338:  chunks size - 13.43297581966272 mb
id: 1663718179387:  chunks size - 13.217422535159042 mb
id: 1663718179434:  chunks size - 13.36808400423264 mb
id: 1663718179479:  chunks size - 13.311819126701282 mb
id: 1663718179526:  chunks size - 13.201986362615521 mb
id: 1663718179568:  chunks size - 13.257991840731842 mb
id: 1663718179611:  chunks size - 13.272123386805601 mb
id: 1663718178875:  Inserting time: 15.307s
id: 1663718194200:  chunks size - 13.036184360037602 mb
id: 1663718178833:  Inserting time: 35.894s
id: 1663718214745:  chunks size - 13.708063177266721 mb
id: 1663718194200:  Inserting time: 20.648s
id: 1663718214867:  chunks size - 16.958643023500322 mb
id: 1663718178364:  Inserting time: 36.538s
id: 1663718214923:  chunks size - 16.93495375339152 mb
id: 1663718178533:  Inserting time: 37.237s
id: 1663718215791:  chunks size - 16.48069006454592 mb
id: 1663718179568:  Inserting time: 37.969s
id: 1663718217558:  chunks size - 16.00324827502704 mb
id: 1663718179056:  Inserting time: 39.345s
id: 1663718218446:  chunks size - 13.985834174407202 mb
id: 1663718178619:  Inserting time: 39.870s
id: 1663718218508:  chunks size - 14.243890816004642 mb
id: 1663718179338:  Inserting time: 41.039s
id: 1663718220402:  chunks size - 14.2120552598544 mb
id: 1663718179251:  Inserting time: 41.722s
id: 1663718220991:  chunks size - 14.073776298151682 mb
id: 1663718178576:  Inserting time: 43.119s
id: 1663718179003:  Inserting time: 42.846s
id: 1663718179434:  Inserting time: 43.756s
id: 1663718178323:  Inserting time: 46.357s
id: 1663718218508:  Inserting time: 6.571s
id: 1663718178959:  Inserting time: 47.363s
id: 1663718179387:  Inserting time: 47.406s
id: 1663718179611:  Inserting time: 47.809s
id: 1663718178492:  Inserting time: 51.251s
id: 1663718178705:  Inserting time: 51.221s
id: 1663718178278:  Inserting time: 53.605s
id: 1663718179479:  Inserting time: 52.411s
id: 1663718178790:  Inserting time: 53.150s
id: 1663718214745:  Inserting time: 18.426s
id: 1663718179526:  Inserting time: 53.821s
id: 1663718179137:  Inserting time: 54.584s
id: 1663718179293:  Inserting time: 54.461s
id: 1663718218446:  Inserting time: 15.621s
id: 1663718178915:  Inserting time: 55.407s
id: 1663718220402:  Inserting time: 14.143s
id: 1663718215791:  Inserting time: 19.121s
id: 1663718178407:  Inserting time: 57.165s
id: 1663718179207:  Inserting time: 56.913s
id: 1663718178662:  Inserting time: 59.060s
id: 1663718220991:  Inserting time: 17.203s
id: 1663718178449:  Inserting time: 1:00.123 (m:ss.mmm)
id: 1663718214867:  Inserting time: 23.803s
id: 1663718217558:  Inserting time: 21.631s
id: 1663718178747:  Inserting time: 1:00.897 (m:ss.mmm)
id: 1663718214923:  Inserting time: 27.871s
--------------

arrayToInsert size - 559.1317560284962 mb

id: 1663718245836:  chunks size - 13.846075110159841 mb
id: 1663718245877:  chunks size - 16.67001921259824 mb
id: 1663718245919:  chunks size - 16.553720536622883 mb
id: 1663718245958:  chunks size - 16.28287893709152 mb
id: 1663718246001:  chunks size - 14.353040749277282 mb
id: 1663718246043:  chunks size - 14.134748512126562 mb
id: 1663718246085:  chunks size - 14.18687062841184 mb
id: 1663718246131:  chunks size - 14.186357551627681 mb
id: 1663718246208:  chunks size - 14.090253883052641 mb
id: 1663718246270:  chunks size - 14.099866920198242 mb
id: 1663718246312:  chunks size - 14.07751470148608 mb
id: 1663718246358:  chunks size - 14.078645759229602 mb
id: 1663718246403:  chunks size - 14.09258275574208 mb
id: 1663718246442:  chunks size - 13.938987784460162 mb
id: 1663718246483:  chunks size - 14.101837211343362 mb
id: 1663718246524:  chunks size - 14.285520607421281 mb
id: 1663718246566:  chunks size - 14.049701743617602 mb
id: 1663718246606:  chunks size - 13.819442801099521 mb
id: 1663718246648:  chunks size - 14.021205954936 mb
id: 1663718246688:  chunks size - 13.7082863370576 mb
id: 1663718246730:  chunks size - 13.726873449554402 mb
id: 1663718246772:  chunks size - 13.82106595479216 mb
id: 1663718246811:  chunks size - 13.823497824308161 mb
id: 1663718246853:  chunks size - 13.527818730786722 mb
id: 1663718246895:  chunks size - 13.2219410440872 mb
id: 1663718246938:  chunks size - 13.318426182390242 mb
id: 1663718246978:  chunks size - 13.990060858993441 mb
id: 1663718247021:  chunks size - 13.405889561626081 mb
id: 1663718247068:  chunks size - 13.792184881685282 mb
id: 1663718247114:  chunks size - 13.60524373413024 mb
id: 1663718245958:  Inserting time: 11.263s
id: 1663718257243:  chunks size - 13.669017843257281 mb
id: 1663718247021:  Inserting time: 19.677s
id: 1663718266718:  chunks size - 13.241745045016321 mb
id: 1663718257243:  Inserting time: 9.511s
id: 1663718266775:  chunks size - 13.596569112515521 mb
id: 1663718246566:  Inserting time: 20.637s
id: 1663718267222:  chunks size - 13.414753010756161 mb
id: 1663718246043:  Inserting time: 22.159s
id: 1663718268219:  chunks size - 13.614969304845602 mb
id: 1663718245877:  Inserting time: 25.055s
id: 1663718270950:  chunks size - 13.400548985434082 mb
id: 1663718245919:  Inserting time: 26.656s
id: 1663718272593:  chunks size - 13.25224499927952 mb
id: 1663718246730:  Inserting time: 28.417s
id: 1663718275165:  chunks size - 13.329265644711361 mb
id: 1663718246895:  Inserting time: 28.432s
id: 1663718275345:  chunks size - 13.418373158474882 mb
id: 1663718266718:  Inserting time: 10.149s
id: 1663718276892:  chunks size - 13.383709004291521 mb
id: 1663718266775:  Inserting time: 10.746s
id: 1663718246938:  Inserting time: 31.815s
id: 1663718246853:  Inserting time: 33.317s
id: 1663718246312:  Inserting time: 35.027s
id: 1663718268219:  Inserting time: 15.207s
id: 1663718245836:  Inserting time: 38.685s
id: 1663718247114:  Inserting time: 38.480s
id: 1663718246358:  Inserting time: 40.413s
id: 1663718246403:  Inserting time: 40.439s
id: 1663718276892:  Inserting time: 9.943s
id: 1663718246483:  Inserting time: 44.345s
id: 1663718272593:  Inserting time: 18.377s
id: 1663718275165:  Inserting time: 16.452s
id: 1663718246811:  Inserting time: 45.260s
id: 1663718275345:  Inserting time: 17.469s
id: 1663718246772:  Inserting time: 47.403s
id: 1663718267222:  Inserting time: 27.055s
id: 1663718246208:  Inserting time: 48.196s
id: 1663718246001:  Inserting time: 48.623s
id: 1663718270950:  Inserting time: 23.740s
id: 1663718246688:  Inserting time: 48.303s
id: 1663718246131:  Inserting time: 48.913s
id: 1663718246978:  Inserting time: 48.454s
id: 1663718246442:  Inserting time: 49.381s
id: 1663718246270:  Inserting time: 49.999s
id: 1663718246085:  Inserting time: 51.158s
id: 1663718246648:  Inserting time: 50.996s
id: 1663718246524:  Inserting time: 51.169s
id: 1663718246606:  Inserting time: 51.234s
id: 1663718247068:  Inserting time: 53.428s
--------------

arrayToInsert size - 538.1497498764312 mb

id: 1663718303379:  chunks size - 13.655082754093442 mb
id: 1663718303421:  chunks size - 13.855491690395521 mb
id: 1663718303461:  chunks size - 13.830377630852642 mb
id: 1663718303502:  chunks size - 13.54711919167488 mb
id: 1663718303542:  chunks size - 13.3330727125968 mb
id: 1663718303584:  chunks size - 13.572736791258722 mb
id: 1663718303626:  chunks size - 13.411603978151522 mb
id: 1663718303678:  chunks size - 13.343858769156002 mb
id: 1663718303753:  chunks size - 13.507627538083682 mb
id: 1663718303809:  chunks size - 13.678775838899522 mb
id: 1663718303854:  chunks size - 13.80661588149552 mb
id: 1663718303900:  chunks size - 13.616540960124961 mb
id: 1663718303942:  chunks size - 13.504234364853122 mb
id: 1663718303982:  chunks size - 13.756746343954081 mb
id: 1663718304020:  chunks size - 13.569223455063842 mb
id: 1663718304059:  chunks size - 13.470928242901442 mb
id: 1663718304099:  chunks size - 13.489763310721441 mb
id: 1663718304140:  chunks size - 13.485513737951521 mb
id: 1663718304181:  chunks size - 13.430192997996961 mb
id: 1663718304221:  chunks size - 13.480831197040322 mb
id: 1663718304262:  chunks size - 13.256729175932161 mb
id: 1663718304305:  chunks size - 13.390554478560482 mb
id: 1663718304352:  chunks size - 13.298301746889601 mb
id: 1663718304401:  chunks size - 13.294662525684481 mb
id: 1663718304455:  chunks size - 13.393392613336802 mb
id: 1663718304499:  chunks size - 13.304435780115842 mb
id: 1663718304543:  chunks size - 13.511920979872322 mb
id: 1663718304588:  chunks size - 13.303169300618881 mb
id: 1663718304633:  chunks size - 13.34306531212176 mb
id: 1663718304677:  chunks size - 13.3812523392432 mb
id: 1663718304543:  Inserting time: 18.357s
id: 1663718322919:  chunks size - 13.380476048346722 mb
id: 1663718304140:  Inserting time: 19.807s
id: 1663718323964:  chunks size - 13.327531864797601 mb
id: 1663718304059:  Inserting time: 20.149s
id: 1663718324227:  chunks size - 13.416168263447041 mb
id: 1663718304588:  Inserting time: 23.385s
id: 1663718327995:  chunks size - 13.283313801276481 mb
id: 1663718303678:  Inserting time: 24.334s
id: 1663718328053:  chunks size - 13.354200413482081 mb
id: 1663718304181:  Inserting time: 27.152s
id: 1663718331352:  chunks size - 13.25732426870784 mb
id: 1663718304221:  Inserting time: 28.978s
id: 1663718333219:  chunks size - 13.45568280522192 mb
id: 1663718304262:  Inserting time: 30.062s
id: 1663718334344:  chunks size - 13.246192982044802 mb
id: 1663718303854:  Inserting time: 33.071s
id: 1663718336947:  chunks size - 13.307153751927842 mb
id: 1663718303982:  Inserting time: 33.193s
id: 1663718337193:  chunks size - 13.297884037537441 mb
id: 1663718304499:  Inserting time: 32.951s
id: 1663718304633:  Inserting time: 33.791s
id: 1663718304352:  Inserting time: 34.218s
id: 1663718304455:  Inserting time: 35.767s
id: 1663718303584:  Inserting time: 37.296s
id: 1663718304677:  Inserting time: 38.398s
id: 1663718328053:  Inserting time: 16.661s
id: 1663718304305:  Inserting time: 41.370s
id: 1663718324227:  Inserting time: 23.107s
id: 1663718322919:  Inserting time: 24.418s
id: 1663718323964:  Inserting time: 23.414s
id: 1663718303461:  Inserting time: 43.961s
id: 1663718303421:  Inserting time: 44.010s
id: 1663718334344:  Inserting time: 13.568s
id: 1663718303942:  Inserting time: 44.409s
id: 1663718331352:  Inserting time: 17.193s
id: 1663718327995:  Inserting time: 20.626s
id: 1663718303379:  Inserting time: 45.291s
id: 1663718303809:  Inserting time: 45.133s
id: 1663718303502:  Inserting time: 45.971s
id: 1663718303542:  Inserting time: 46.700s
id: 1663718303626:  Inserting time: 47.049s
id: 1663718303753:  Inserting time: 46.952s
id: 1663718303900:  Inserting time: 47.270s
id: 1663718337193:  Inserting time: 14.426s
id: 1663718304020:  Inserting time: 47.611s
id: 1663718304401:  Inserting time: 47.411s
id: 1663718304099:  Inserting time: 48.273s
id: 1663718336947:  Inserting time: 19.295s
id: 1663718333219:  Inserting time: 23.428s
--------------

arrayToInsert size - 559.436376772442 mb

id: 1663718359637:  chunks size - 13.279743244622402 mb
id: 1663718359678:  chunks size - 13.390819600021441 mb
id: 1663718359719:  chunks size - 13.408489277822401 mb
id: 1663718359761:  chunks size - 13.342746784898882 mb
id: 1663718359802:  chunks size - 13.272329380458721 mb
id: 1663718359844:  chunks size - 13.295860340630401 mb
id: 1663718359884:  chunks size - 13.3104515577264 mb
id: 1663718359925:  chunks size - 13.20753865450656 mb
id: 1663718359966:  chunks size - 13.184352924438722 mb
id: 1663718360008:  chunks size - 13.063190509431362 mb
id: 1663718360045:  chunks size - 13.511253407848322 mb
id: 1663718360086:  chunks size - 17.06987196679056 mb
id: 1663718360130:  chunks size - 15.820924818529441 mb
id: 1663718360213:  chunks size - 14.380710655997762 mb
id: 1663718360286:  chunks size - 14.229417854524321 mb
id: 1663718360323:  chunks size - 14.101905875894401 mb
id: 1663718360370:  chunks size - 14.125879340950561 mb
id: 1663718360415:  chunks size - 14.127933555435842 mb
id: 1663718360461:  chunks size - 14.591289575248322 mb
id: 1663718360504:  chunks size - 14.251895958246722 mb
id: 1663718360547:  chunks size - 14.567228372154721 mb
id: 1663718360590:  chunks size - 14.38217740710192 mb
id: 1663718360632:  chunks size - 14.41784482666992 mb
id: 1663718360672:  chunks size - 14.238796287787201 mb
id: 1663718360716:  chunks size - 14.367080742616322 mb
id: 1663718360759:  chunks size - 14.26151090274096 mb
id: 1663718360801:  chunks size - 14.145902686973281 mb
id: 1663718360844:  chunks size - 14.26035123476784 mb
id: 1663718360884:  chunks size - 14.31888967187808 mb
id: 1663718360927:  chunks size - 14.142520957834561 mb
id: 1663718360286:  Inserting time: 11.133s
id: 1663718371436:  chunks size - 14.105058723196322 mb
id: 1663718359637:  Inserting time: 21.631s
id: 1663718381283:  chunks size - 13.977327399472802 mb
id: 1663718360370:  Inserting time: 23.145s
id: 1663718383535:  chunks size - 13.541236928469122 mb
id: 1663718359678:  Inserting time: 27.385s
id: 1663718387082:  chunks size - 13.319438984518081 mb
id: 1663718359844:  Inserting time: 31.259s
id: 1663718391121:  chunks size - 13.943134360403521 mb
id: 1663718360213:  Inserting time: 35.408s
id: 1663718395664:  chunks size - 13.925296835922241 mb
id: 1663718360801:  Inserting time: 38.342s
id: 1663718399161:  chunks size - 13.721435598581762 mb
id: 1663718383535:  Inserting time: 16.358s
id: 1663718399916:  chunks size - 13.684110693045602 mb
id: 1663718360415:  Inserting time: 40.516s
id: 1663718400949:  chunks size - 13.60153012632816 mb
id: 1663718371436:  Inserting time: 30.434s
id: 1663718401891:  chunks size - 13.548898747956 mb
id: 1663718360504:  Inserting time: 42.323s
id: 1663718360716:  Inserting time: 47.596s
id: 1663718360884:  Inserting time: 47.677s
id: 1663718360547:  Inserting time: 50.835s
id: 1663718359884:  Inserting time: 52.975s
id: 1663718360672:  Inserting time: 53.795s
id: 1663718391121:  Inserting time: 24.198s
id: 1663718360927:  Inserting time: 54.885s
id: 1663718360045:  Inserting time: 56.229s
id: 1663718360590:  Inserting time: 56.507s
id: 1663718360008:  Inserting time: 57.364s
id: 1663718395664:  Inserting time: 22.820s
id: 1663718399916:  Inserting time: 18.598s
id: 1663718359802:  Inserting time: 58.731s
id: 1663718360844:  Inserting time: 1:03.198 (m:ss.mmm)
id: 1663718401891:  Inserting time: 23.580s
id: 1663718360461:  Inserting time: 1:05.999 (m:ss.mmm)
id: 1663718359925:  Inserting time: 1:06.668 (m:ss.mmm)
id: 1663718360323:  Inserting time: 1:07.570 (m:ss.mmm)
id: 1663718381283:  Inserting time: 46.617s
id: 1663718360086:  Inserting time: 1:10.387 (m:ss.mmm)
id: 1663718399161:  Inserting time: 31.738s
id: 1663718359719:  Inserting time: 1:11.416 (m:ss.mmm)
id: 1663718359761:  Inserting time: 1:12.008 (m:ss.mmm)
id: 1663718360130:  Inserting time: 1:12.151 (m:ss.mmm)
id: 1663718359966:  Inserting time: 1:12.494 (m:ss.mmm)
id: 1663718400949:  Inserting time: 31.658s
id: 1663718360759:  Inserting time: 1:12.454 (m:ss.mmm)
id: 1663718387082:  Inserting time: 46.587s
id: 1663718360632:  Inserting time: 1:15.253 (m:ss.mmm)
--------------

arrayToInsert size - 541.4522096056728 mb

id: 1663718439082:  chunks size - 13.700119070181122 mb
id: 1663718439127:  chunks size - 13.837965063742562 mb
id: 1663718439169:  chunks size - 13.482463887476161 mb
id: 1663718439210:  chunks size - 13.82606702292624 mb
id: 1663718439254:  chunks size - 13.655229619938721 mb
id: 1663718439297:  chunks size - 13.629528097014722 mb
id: 1663718439340:  chunks size - 13.622863820866561 mb
id: 1663718439383:  chunks size - 13.576248220104961 mb
id: 1663718439423:  chunks size - 13.653602651548802 mb
id: 1663718439504:  chunks size - 13.740165762226562 mb
id: 1663718439586:  chunks size - 13.490791371638402 mb
id: 1663718439624:  chunks size - 13.775688223297921 mb
id: 1663718439670:  chunks size - 13.673946432143042 mb
id: 1663718439720:  chunks size - 13.58035474172688 mb
id: 1663718439762:  chunks size - 13.580820134795042 mb
id: 1663718439805:  chunks size - 13.725818685756481 mb
id: 1663718439847:  chunks size - 13.707571081317601 mb
id: 1663718439889:  chunks size - 13.812376074388322 mb
id: 1663718439932:  chunks size - 13.63500790965744 mb
id: 1663718439974:  chunks size - 13.594875386923201 mb
id: 1663718440016:  chunks size - 13.6983776608728 mb
id: 1663718440059:  chunks size - 13.587350896538402 mb
id: 1663718440103:  chunks size - 13.414094975475361 mb
id: 1663718440144:  chunks size - 13.44899754823872 mb
id: 1663718440188:  chunks size - 13.426052144099522 mb
id: 1663718440232:  chunks size - 13.54653935768832 mb
id: 1663718440275:  chunks size - 13.503252080303522 mb
id: 1663718440319:  chunks size - 13.512088826552642 mb
id: 1663718440361:  chunks size - 13.328140309013762 mb
id: 1663718440404:  chunks size - 13.306476643160641 mb
id: 1663718440144:  Inserting time: 26.250s
id: 1663718466415:  chunks size - 13.420333912876801 mb
id: 1663718440361:  Inserting time: 27.733s
id: 1663718468114:  chunks size - 13.336189320274562 mb
id: 1663718440319:  Inserting time: 28.145s
id: 1663718468484:  chunks size - 13.26561742059456 mb
id: 1663718439762:  Inserting time: 29.535s
id: 1663718469318:  chunks size - 13.369911244229762 mb
id: 1663718440404:  Inserting time: 29.113s
id: 1663718469537:  chunks size - 13.346630146729922 mb
id: 1663718439586:  Inserting time: 32.513s
id: 1663718472115:  chunks size - 13.443731358643682 mb
id: 1663718440275:  Inserting time: 32.240s
id: 1663718472533:  chunks size - 13.256919910796162 mb
id: 1663718440016:  Inserting time: 42.161s
id: 1663718482197:  chunks size - 13.353948643461601 mb
id: 1663718468114:  Inserting time: 14.314s
id: 1663718482448:  chunks size - 13.43739323911296 mb
id: 1663718440103:  Inserting time: 42.780s
id: 1663718482901:  chunks size - 13.148660709338401 mb
id: 1663718472533:  Inserting time: 10.450s
id: 1663718439805:  Inserting time: 43.212s
id: 1663718468484:  Inserting time: 20.985s
id: 1663718439720:  Inserting time: 50.241s
id: 1663718439082:  Inserting time: 53.563s
id: 1663718439340:  Inserting time: 53.439s
id: 1663718469537:  Inserting time: 23.742s
id: 1663718439670:  Inserting time: 54.468s
id: 1663718466415:  Inserting time: 28.476s
id: 1663718482448:  Inserting time: 12.569s
id: 1663718439889:  Inserting time: 56.410s
id: 1663718439210:  Inserting time: 58.967s
id: 1663718482901:  Inserting time: 16.259s
id: 1663718439423:  Inserting time: 1:00.361 (m:ss.mmm)
id: 1663718469318:  Inserting time: 30.589s
id: 1663718439127:  Inserting time: 1:00.786 (m:ss.mmm)
id: 1663718439932:  Inserting time: 1:00.318 (m:ss.mmm)
id: 1663718440059:  Inserting time: 1:01.803 (m:ss.mmm)
id: 1663718439297:  Inserting time: 1:03.113 (m:ss.mmm)
id: 1663718439169:  Inserting time: 1:03.843 (m:ss.mmm)
id: 1663718482197:  Inserting time: 21.034s
id: 1663718440188:  Inserting time: 1:03.250 (m:ss.mmm)
id: 1663718440232:  Inserting time: 1:04.115 (m:ss.mmm)
id: 1663718439504:  Inserting time: 1:06.228 (m:ss.mmm)
id: 1663718439624:  Inserting time: 1:06.751 (m:ss.mmm)
id: 1663718439974:  Inserting time: 1:06.815 (m:ss.mmm)
id: 1663718439383:  Inserting time: 1:07.651 (m:ss.mmm)
id: 1663718439254:  Inserting time: 1:08.115 (m:ss.mmm)
id: 1663718439847:  Inserting time: 1:08.519 (m:ss.mmm)
id: 1663718472115:  Inserting time: 36.977s
--------------

Operation took -  1216.4660000000001  seconds


Process finished with exit code 0
