/Users/dmytroharazdovskiy/.nvm/versions/node/v18.2.0/bin/npm run insert-7mil-m30-parralel

> mongo-performance@1.0.0 insert-7mil-m30-parralel
> node ./insert/insert-7mil-m30-parralel.js

Connected successfully to server
arrayToInsert size - 269.14077478740194 mb

id: 1663715957545:  chunks size - 26.983814341185603 mb
id: 1663715957631:  chunks size - 27.123849970985763 mb
id: 1663715957709:  chunks size - 26.580743889837603 mb
id: 1663715957794:  chunks size - 26.909399133996004 mb
id: 1663715957876:  chunks size - 27.182018382459844 mb
id: 1663715957876:  Inserting time: 13.073s
id: 1663715970989:  chunks size - 26.791458230841602 mb
id: 1663715957631:  Inserting time: 19.017s
id: 1663715976684:  chunks size - 27.096759898251843 mb
id: 1663715957794:  Inserting time: 19.454s
id: 1663715977286:  chunks size - 26.95718203212528 mb
id: 1663715957709:  Inserting time: 21.509s
id: 1663715979256:  chunks size - 26.676698785218722 mb
id: 1663715957545:  Inserting time: 25.303s
id: 1663715982879:  chunks size - 26.838850122499682 mb
id: 1663715970989:  Inserting time: 13.423s
id: 1663715977286:  Inserting time: 8.643s
id: 1663715976684:  Inserting time: 11.736s
id: 1663715979256:  Inserting time: 12.940s
id: 1663715982879:  Inserting time: 10.934s
--------------

arrayToInsert size - 273.07254512692515 mb

id: 1663715995373:  chunks size - 27.389803035952802 mb
id: 1663715995454:  chunks size - 27.521560772655363 mb
id: 1663715995537:  chunks size - 27.449163540326882 mb
id: 1663715995617:  chunks size - 27.399471386208962 mb
id: 1663715995697:  chunks size - 27.44497881741072 mb
id: 1663715995537:  Inserting time: 15.704s
id: 1663716011281:  chunks size - 27.296379192216964 mb
id: 1663715995454:  Inserting time: 16.623s
id: 1663716012113:  chunks size - 27.313720806051844 mb
id: 1663715995697:  Inserting time: 17.323s
id: 1663716013062:  chunks size - 27.03421793634624 mb
id: 1663715995617:  Inserting time: 23.199s
id: 1663716018856:  chunks size - 27.152296168602724 mb
id: 1663715995373:  Inserting time: 28.449s
id: 1663716023857:  chunks size - 27.07095347115264 mb
id: 1663716013062:  Inserting time: 15.173s
id: 1663716012113:  Inserting time: 19.073s
id: 1663716011281:  Inserting time: 20.011s
id: 1663716018856:  Inserting time: 14.904s
id: 1663716023857:  Inserting time: 11.758s
--------------

arrayToInsert size - 277.33662709794964 mb

id: 1663716037157:  chunks size - 27.499120815905762 mb
id: 1663716037235:  chunks size - 27.684051617994243 mb
id: 1663716037319:  chunks size - 28.0111123186896 mb
id: 1663716037403:  chunks size - 27.977876768637604 mb
id: 1663716037487:  chunks size - 27.593404873878242 mb
id: 1663716037157:  Inserting time: 11.550s
id: 1663716048740:  chunks size - 27.593435391456484 mb
id: 1663716037487:  Inserting time: 15.855s
id: 1663716053381:  chunks size - 27.737682447053764 mb
id: 1663716048740:  Inserting time: 6.684s
id: 1663716055468:  chunks size - 27.743553266167684 mb
id: 1663716037403:  Inserting time: 23.284s
id: 1663716060725:  chunks size - 27.830703840226562 mb
id: 1663716037235:  Inserting time: 28.882s
id: 1663716066158:  chunks size - 27.665685757939684 mb
id: 1663716055468:  Inserting time: 11.094s
id: 1663716053381:  Inserting time: 16.834s
id: 1663716037319:  Inserting time: 32.961s
id: 1663716060725:  Inserting time: 12.838s
id: 1663716066158:  Inserting time: 8.961s
--------------

arrayToInsert size - 283.5487090305384 mb

id: 1663716076668:  chunks size - 26.645876031196323 mb
id: 1663716076749:  chunks size - 26.626403908930563 mb
id: 1663716076838:  chunks size - 26.850879770372163 mb
id: 1663716076924:  chunks size - 26.3456250229848 mb
id: 1663716077027:  chunks size - 27.864120588399363 mb
id: 1663716076838:  Inserting time: 15.956s
id: 1663716092836:  chunks size - 29.376764408186403 mb
id: 1663716076668:  Inserting time: 17.290s
id: 1663716093990:  chunks size - 29.368808857008965 mb
id: 1663716077027:  Inserting time: 18.452s
id: 1663716095518:  chunks size - 30.232458228549604 mb
id: 1663716076924:  Inserting time: 21.623s
id: 1663716098606:  chunks size - 31.136737940819522 mb
id: 1663716076749:  Inserting time: 34.588s
id: 1663716111375:  chunks size - 29.101034274090722 mb
id: 1663716093990:  Inserting time: 18.435s
id: 1663716092836:  Inserting time: 20.358s
id: 1663716095518:  Inserting time: 18.148s
id: 1663716098606:  Inserting time: 15.957s
id: 1663716111375:  Inserting time: 9.818s
--------------

arrayToInsert size - 269.14661127424034 mb

id: 1663716122675:  chunks size - 27.27216158653488 mb
id: 1663716122747:  chunks size - 27.066713435125923 mb
id: 1663716122828:  chunks size - 26.908434015584163 mb
id: 1663716122907:  chunks size - 26.97593508395376 mb
id: 1663716122989:  chunks size - 26.976820093722722 mb
id: 1663716122675:  Inserting time: 8.710s
id: 1663716131416:  chunks size - 26.650915246303203 mb
id: 1663716122747:  Inserting time: 14.998s
id: 1663716137786:  chunks size - 26.74111948553472 mb
id: 1663716122989:  Inserting time: 19.883s
id: 1663716142908:  chunks size - 26.812305551476804 mb
id: 1663716122828:  Inserting time: 20.492s
id: 1663716143358:  chunks size - 26.902246576596003 mb
id: 1663716122907:  Inserting time: 22.113s
id: 1663716145059:  chunks size - 26.839960199408164 mb
id: 1663716131416:  Inserting time: 15.062s
id: 1663716143358:  Inserting time: 10.854s
id: 1663716137786:  Inserting time: 17.531s
id: 1663716142908:  Inserting time: 13.953s
id: 1663716145059:  Inserting time: 12.085s
--------------

arrayToInsert size - 273.88104732723747 mb

id: 1663716158672:  chunks size - 27.353799923024162 mb
id: 1663716158767:  chunks size - 27.548692807059364 mb
id: 1663716158856:  chunks size - 27.287960155320004 mb
id: 1663716158938:  chunks size - 27.223674876757443 mb
id: 1663716159015:  chunks size - 27.16971026168592 mb
id: 1663716159015:  Inserting time: 8.687s
id: 1663716167740:  chunks size - 27.29288492950848 mb
id: 1663716158938:  Inserting time: 15.453s
id: 1663716174428:  chunks size - 27.360538585769284 mb
id: 1663716167740:  Inserting time: 6.785s
id: 1663716174558:  chunks size - 27.543687924228003 mb
id: 1663716158767:  Inserting time: 17.723s
id: 1663716176529:  chunks size - 27.564239605824003 mb
id: 1663716158672:  Inserting time: 23.511s
id: 1663716182230:  chunks size - 27.535858258060802 mb
id: 1663716174558:  Inserting time: 7.853s
id: 1663716174428:  Inserting time: 10.840s
id: 1663716182230:  Inserting time: 6.382s
id: 1663716158856:  Inserting time: 29.928s
id: 1663716176529:  Inserting time: 13.734s
--------------

arrayToInsert size - 286.39638055005844 mb

id: 1663716191854:  chunks size - 30.587389107572644 mb
id: 1663716191931:  chunks size - 30.37162410736992 mb
id: 1663716192009:  chunks size - 29.986864202965922 mb
id: 1663716192089:  chunks size - 29.498413197096962 mb
id: 1663716192204:  chunks size - 28.721044648635363 mb
id: 1663716191931:  Inserting time: 5.602s
id: 1663716197570:  chunks size - 27.703374967066082 mb
id: 1663716192204:  Inserting time: 7.393s
id: 1663716199644:  chunks size - 27.605774029808643 mb
id: 1663716191854:  Inserting time: 8.568s
id: 1663716200456:  chunks size - 27.497436627056643 mb
id: 1663716192009:  Inserting time: 10.610s
id: 1663716202656:  chunks size - 27.389856441714723 mb
id: 1663716199644:  Inserting time: 5.323s
id: 1663716205005:  chunks size - 27.034603220771523 mb
id: 1663716197570:  Inserting time: 9.180s
id: 1663716192089:  Inserting time: 16.194s
id: 1663716200456:  Inserting time: 7.868s
id: 1663716202656:  Inserting time: 7.209s
id: 1663716205005:  Inserting time: 5.033s
--------------

arrayToInsert size - 269.91738421110483 mb

id: 1663716211557:  chunks size - 26.782657724216644 mb
id: 1663716211631:  chunks size - 26.850719553086403 mb
id: 1663716211711:  chunks size - 26.768152337809443 mb
id: 1663716211792:  chunks size - 26.661668877935522 mb
id: 1663716211876:  chunks size - 26.644125085144804 mb
id: 1663716211876:  Inserting time: 16.891s
id: 1663716228805:  chunks size - 26.637867074256963 mb
id: 1663716211557:  Inserting time: 18.671s
id: 1663716230262:  chunks size - 26.721733193957764 mb
id: 1663716211711:  Inserting time: 24.508s
id: 1663716236255:  chunks size - 26.420639137647363 mb
id: 1663716228805:  Inserting time: 9.078s
id: 1663716237922:  chunks size - 26.642379861139204 mb
id: 1663716211631:  Inserting time: 27.211s
id: 1663716238881:  chunks size - 29.787441365910723 mb
id: 1663716211792:  Inserting time: 27.347s
id: 1663716238881:  Inserting time: 6.578s
id: 1663716230262:  Inserting time: 15.218s
id: 1663716237922:  Inserting time: 9.507s
id: 1663716236255:  Inserting time: 12.486s
--------------

arrayToInsert size - 271.02938181966533 mb

id: 1663716250276:  chunks size - 27.46611796238784 mb
id: 1663716250358:  chunks size - 27.060073954510084 mb
id: 1663716250440:  chunks size - 27.75731478660528 mb
id: 1663716250525:  chunks size - 27.56824122327072 mb
id: 1663716250617:  chunks size - 27.223423106736963 mb
id: 1663716250525:  Inserting time: 10.840s
id: 1663716261404:  chunks size - 26.963821512741124 mb
id: 1663716250358:  Inserting time: 11.729s
id: 1663716262126:  chunks size - 26.908897501303684 mb
id: 1663716262126:  Inserting time: 8.613s
id: 1663716270781:  chunks size - 26.828840356836963 mb
id: 1663716261404:  Inserting time: 11.211s
id: 1663716272654:  chunks size - 26.592441659046724 mb
id: 1663716250276:  Inserting time: 24.658s
id: 1663716274968:  chunks size - 26.66020975622592 mb
id: 1663716270781:  Inserting time: 6.790s
id: 1663716250440:  Inserting time: 27.744s
id: 1663716250617:  Inserting time: 29.315s
id: 1663716272654:  Inserting time: 10.358s
id: 1663716274968:  Inserting time: 8.951s
--------------

arrayToInsert size - 274.73952587661506 mb

id: 1663716285490:  chunks size - 27.530981167588322 mb
id: 1663716285572:  chunks size - 28.11870013342608 mb
id: 1663716285655:  chunks size - 27.87166987431648 mb
id: 1663716285737:  chunks size - 27.80363474832768 mb
id: 1663716285862:  chunks size - 27.8828049756768 mb
id: 1663716285862:  Inserting time: 9.377s
id: 1663716295279:  chunks size - 27.52696810604976 mb
id: 1663716285490:  Inserting time: 10.680s
id: 1663716296204:  chunks size - 26.810522180498403 mb
id: 1663716285737:  Inserting time: 10.607s
id: 1663716296417:  chunks size - 26.988931757586723 mb
id: 1663716285572:  Inserting time: 10.949s
id: 1663716296559:  chunks size - 27.110208613512484 mb
id: 1663716285655:  Inserting time: 11.133s
id: 1663716296828:  chunks size - 27.095104319632323 mb
id: 1663716296559:  Inserting time: 7.156s
id: 1663716296417:  Inserting time: 7.449s
id: 1663716296204:  Inserting time: 7.757s
id: 1663716295279:  Inserting time: 8.738s
id: 1663716296828:  Inserting time: 7.843s
--------------

arrayToInsert size - 286.11926949554737 mb

id: 1663716306263:  chunks size - 26.778709512531844 mb
id: 1663716306343:  chunks size - 26.710285287420483 mb
id: 1663716306430:  chunks size - 26.384159187558723 mb
id: 1663716306510:  chunks size - 29.474014393294084 mb
id: 1663716306590:  chunks size - 32.49824345437296 mb
id: 1663716306590:  Inserting time: 6.207s
id: 1663716312836:  chunks size - 31.344869731764962 mb
id: 1663716306263:  Inserting time: 6.971s
id: 1663716313269:  chunks size - 28.39090930193232 mb
id: 1663716306343:  Inserting time: 9.979s
id: 1663716316361:  chunks size - 28.387426483315682 mb
id: 1663716312836:  Inserting time: 5.784s
id: 1663716318658:  chunks size - 28.112526045878404 mb
id: 1663716318658:  Inserting time: 6.863s
id: 1663716325559:  chunks size - 28.038126097477925 mb
id: 1663716313269:  Inserting time: 12.361s
id: 1663716306430:  Inserting time: 19.958s
id: 1663716306510:  Inserting time: 20.010s
id: 1663716325559:  Inserting time: 7.005s
id: 1663716316361:  Inserting time: 16.283s
--------------

arrayToInsert size - 269.7681589755571 mb

id: 1663716334118:  chunks size - 27.317674739782564 mb
id: 1663716334197:  chunks size - 27.211097819825284 mb
id: 1663716334287:  chunks size - 27.301176174046564 mb
id: 1663716334367:  chunks size - 27.067878825144962 mb
id: 1663716334496:  chunks size - 26.809076410229284 mb
id: 1663716334118:  Inserting time: 12.328s
id: 1663716346477:  chunks size - 26.803640466605284 mb
id: 1663716334496:  Inserting time: 13.594s
id: 1663716348154:  chunks size - 27.000764948549282 mb
id: 1663716334197:  Inserting time: 17.410s
id: 1663716351645:  chunks size - 26.74465761726192 mb
id: 1663716334367:  Inserting time: 17.691s
id: 1663716352130:  chunks size - 26.909259897545283 mb
id: 1663716346477:  Inserting time: 8.613s
id: 1663716355128:  chunks size - 26.602932076566724 mb
id: 1663716348154:  Inserting time: 10.266s
id: 1663716334287:  Inserting time: 28.290s
id: 1663716352130:  Inserting time: 12.209s
id: 1663716355128:  Inserting time: 9.862s
id: 1663716351645:  Inserting time: 13.409s
--------------

arrayToInsert size - 274.9133311140864 mb

id: 1663716366578:  chunks size - 28.096227751749602 mb
id: 1663716366650:  chunks size - 27.91798411399296 mb
id: 1663716366767:  chunks size - 27.51647578118112 mb
id: 1663716366852:  chunks size - 27.443698986473283 mb
id: 1663716366931:  chunks size - 27.429819210420003 mb
id: 1663716366578:  Inserting time: 13.403s
id: 1663716380013:  chunks size - 27.510595425324002 mb
id: 1663716366767:  Inserting time: 15.127s
id: 1663716381934:  chunks size - 27.215057475601924 mb
id: 1663716366650:  Inserting time: 15.990s
id: 1663716382712:  chunks size - 27.219476802400802 mb
id: 1663716380013:  Inserting time: 7.109s
id: 1663716387160:  chunks size - 27.489944561598723 mb
id: 1663716366931:  Inserting time: 20.342s
id: 1663716387311:  chunks size - 27.074051005344003 mb
id: 1663716366852:  Inserting time: 25.862s
id: 1663716387160:  Inserting time: 6.501s
id: 1663716381934:  Inserting time: 16.006s
id: 1663716387311:  Inserting time: 11.200s
id: 1663716382712:  Inserting time: 15.844s
--------------

arrayToInsert size - 287.2089225147903 mb

id: 1663716400144:  chunks size - 29.282058826164484 mb
id: 1663716400221:  chunks size - 29.041542162660484 mb
id: 1663716400306:  chunks size - 28.53184520029056 mb
id: 1663716400424:  chunks size - 28.692031968472325 mb
id: 1663716400510:  chunks size - 28.365707504352002 mb
id: 1663716400424:  Inserting time: 8.752s
id: 1663716409220:  chunks size - 28.973997225272164 mb
id: 1663716400306:  Inserting time: 10.778s
id: 1663716411156:  chunks size - 29.252929797734403 mb
id: 1663716409220:  Inserting time: 8.290s
id: 1663716417553:  chunks size - 28.429664718948484 mb
id: 1663716411156:  Inserting time: 11.862s
id: 1663716423061:  chunks size - 28.46050654645728 mb
id: 1663716417553:  Inserting time: 5.865s
id: 1663716423458:  chunks size - 28.17863856443808 mb
id: 1663716400144:  Inserting time: 26.076s
id: 1663716400221:  Inserting time: 26.944s
id: 1663716423458:  Inserting time: 6.172s
id: 1663716400510:  Inserting time: 30.086s
id: 1663716423061:  Inserting time: 8.413s
--------------

arrayToInsert size - 271.7918062915325 mb

id: 1663716433030:  chunks size - 26.945160013647364 mb
id: 1663716433110:  chunks size - 27.16244517071616 mb
id: 1663716433191:  chunks size - 26.78231058676416 mb
id: 1663716433274:  chunks size - 27.022806269433122 mb
id: 1663716433356:  chunks size - 27.082979304327843 mb
id: 1663716433191:  Inserting time: 8.875s
id: 1663716442105:  chunks size - 27.0795537061704 mb
id: 1663716433274:  Inserting time: 10.641s
id: 1663716443954:  chunks size - 27.023346049098244 mb
id: 1663716442105:  Inserting time: 5.209s
id: 1663716447354:  chunks size - 26.69091616198128 mb
id: 1663716443954:  Inserting time: 5.568s
id: 1663716449564:  chunks size - 26.602960686796322 mb
id: 1663716433030:  Inserting time: 17.102s
id: 1663716450165:  chunks size - 29.399328342597602 mb
id: 1663716447354:  Inserting time: 5.512s
id: 1663716433110:  Inserting time: 23.457s
id: 1663716433356:  Inserting time: 23.334s
id: 1663716449564:  Inserting time: 7.830s
id: 1663716450165:  Inserting time: 7.548s
--------------

arrayToInsert size - 274.4514857143968 mb

id: 1663716459267:  chunks size - 27.285261256994403 mb
id: 1663716459350:  chunks size - 27.90263567948688 mb
id: 1663716459433:  chunks size - 28.086763487797924 mb
id: 1663716459514:  chunks size - 27.985149489001923 mb
id: 1663716459605:  chunks size - 27.795482740240324 mb
id: 1663716459267:  Inserting time: 8.709s
id: 1663716468011:  chunks size - 27.663313016231523 mb
id: 1663716459350:  Inserting time: 9.987s
id: 1663716469375:  chunks size - 27.050998789680964 mb
id: 1663716459605:  Inserting time: 12.495s
id: 1663716472157:  chunks size - 26.77554522113808 mb
id: 1663716459433:  Inserting time: 13.994s
id: 1663716473466:  chunks size - 27.16946612106 mb
id: 1663716468011:  Inserting time: 6.578s
id: 1663716474629:  chunks size - 26.736869912764803 mb
id: 1663716469375:  Inserting time: 10.415s
id: 1663716474629:  Inserting time: 7.697s
id: 1663716473466:  Inserting time: 9.504s
id: 1663716459514:  Inserting time: 28.762s
id: 1663716472157:  Inserting time: 17.229s
--------------

arrayToInsert size - 278.21602163251345 mb

id: 1663716491021:  chunks size - 28.369833099460323 mb
id: 1663716491124:  chunks size - 28.441806900390723 mb
id: 1663716491212:  chunks size - 28.409605133301604 mb
id: 1663716491298:  chunks size - 28.302282440026083 mb
id: 1663716491379:  chunks size - 28.330021011297603 mb
id: 1663716491212:  Inserting time: 12.103s
id: 1663716503355:  chunks size - 28.044847594085283 mb
id: 1663716491298:  Inserting time: 15.181s
id: 1663716506518:  chunks size - 27.336502178208004 mb
id: 1663716491021:  Inserting time: 18.148s
id: 1663716509222:  chunks size - 27.217441661401924 mb
id: 1663716491379:  Inserting time: 19.640s
id: 1663716511057:  chunks size - 26.964157206101763 mb
id: 1663716491124:  Inserting time: 20.970s
id: 1663716512132:  chunks size - 26.799524408240163 mb
id: 1663716506518:  Inserting time: 8.676s
id: 1663716503355:  Inserting time: 12.765s
id: 1663716509222:  Inserting time: 11.011s
id: 1663716512132:  Inserting time: 8.664s
id: 1663716511057:  Inserting time: 10.877s
--------------

arrayToInsert size - 281.47380171986305 mb

id: 1663716523481:  chunks size - 26.758907418951363 mb
id: 1663716523556:  chunks size - 26.770246606616162 mb
id: 1663716523634:  chunks size - 26.59208117015376 mb
id: 1663716523714:  chunks size - 26.552389244955364 mb
id: 1663716523836:  chunks size - 26.419578651803523 mb
id: 1663716523634:  Inserting time: 8.333s
id: 1663716532004:  chunks size - 30.205370063164324 mb
id: 1663716523836:  Inserting time: 8.226s
id: 1663716532105:  chunks size - 32.7617932600536 mb
id: 1663716523556:  Inserting time: 13.781s
id: 1663716537376:  chunks size - 28.410905945074084 mb
id: 1663716523714:  Inserting time: 14.325s
id: 1663716538119:  chunks size - 28.45621310466864 mb
id: 1663716532004:  Inserting time: 7.014s
id: 1663716539057:  chunks size - 28.546316254422244 mb
id: 1663716523481:  Inserting time: 17.167s
id: 1663716538119:  Inserting time: 9.429s
id: 1663716539057:  Inserting time: 8.811s
id: 1663716537376:  Inserting time: 11.959s
id: 1663716532105:  Inserting time: 17.508s
--------------

arrayToInsert size - 269.02544313718704 mb

id: 1663716551083:  chunks size - 27.321529491384002 mb
id: 1663716551154:  chunks size - 27.556823834311682 mb
id: 1663716551236:  chunks size - 27.13833056186064 mb
id: 1663716551320:  chunks size - 26.806106668396804 mb
id: 1663716551407:  chunks size - 26.61329851642512 mb
id: 1663716551236:  Inserting time: 8.481s
id: 1663716559756:  chunks size - 26.868894678276963 mb
id: 1663716551320:  Inserting time: 8.646s
id: 1663716560006:  chunks size - 26.841549020825283 mb
id: 1663716559756:  Inserting time: 7.481s
id: 1663716567281:  chunks size - 26.59744654187808 mb
id: 1663716560006:  Inserting time: 7.477s
id: 1663716567522:  chunks size - 26.75035868234688 mb
id: 1663716551407:  Inserting time: 17.057s
id: 1663716568503:  chunks size - 26.531105141481603 mb
id: 1663716551083:  Inserting time: 17.612s
id: 1663716551154:  Inserting time: 20.572s
id: 1663716567522:  Inserting time: 9.859s
id: 1663716567281:  Inserting time: 11.083s
id: 1663716568503:  Inserting time: 11.561s
--------------

arrayToInsert size - 274.3820906488277 mb

id: 1663716581678:  chunks size - 27.597866162347202 mb
id: 1663716581758:  chunks size - 27.505043133432963 mb
id: 1663716581841:  chunks size - 27.76441012354608 mb
id: 1663716581926:  chunks size - 27.395959957362724 mb
id: 1663716582006:  chunks size - 27.394540889974564 mb
id: 1663716581678:  Inserting time: 10.967s
id: 1663716592679:  chunks size - 27.472744091563204 mb
id: 1663716581841:  Inserting time: 11.524s
id: 1663716593405:  chunks size - 27.250423534084803 mb
id: 1663716581926:  Inserting time: 12.240s
id: 1663716594205:  chunks size - 27.27101145530496 mb
id: 1663716594205:  Inserting time: 8.651s
id: 1663716602905:  chunks size - 27.439495190070723 mb
id: 1663716582006:  Inserting time: 20.949s
id: 1663716602994:  chunks size - 27.290596111140484 mb
id: 1663716592679:  Inserting time: 11.934s
id: 1663716593405:  Inserting time: 11.201s
id: 1663716581758:  Inserting time: 25.162s
id: 1663716602994:  Inserting time: 7.242s
id: 1663716602905:  Inserting time: 9.210s
--------------

arrayToInsert size - 287.2501155233683 mb

id: 1663716613652:  chunks size - 26.5834141779336 mb
id: 1663716613732:  chunks size - 29.269445529608163 mb
id: 1663716613817:  chunks size - 29.669736973987682 mb
id: 1663716613915:  chunks size - 29.951101415965923 mb
id: 1663716614007:  chunks size - 29.803485982670402 mb
id: 1663716613817:  Inserting time: 8.670s
id: 1663716622534:  chunks size - 29.4259358561256 mb
id: 1663716613732:  Inserting time: 11.166s
id: 1663716624936:  chunks size - 29.109975924515044 mb
id: 1663716622534:  Inserting time: 6.379s
id: 1663716628954:  chunks size - 28.640602219743364 mb
id: 1663716613915:  Inserting time: 17.921s
id: 1663716631880:  chunks size - 27.332328899383683 mb
id: 1663716613652:  Inserting time: 18.551s
id: 1663716632237:  chunks size - 27.464088543434883 mb
id: 1663716628954:  Inserting time: 6.181s
id: 1663716614007:  Inserting time: 23.155s
id: 1663716624936:  Inserting time: 13.778s
id: 1663716632237:  Inserting time: 11.496s
id: 1663716631880:  Inserting time: 13.655s
--------------

arrayToInsert size - 268.758563100781 mb

id: 1663716647041:  chunks size - 26.785484414901124 mb
id: 1663716647114:  chunks size - 27.03190622979456 mb
id: 1663716647235:  chunks size - 26.859460931903524 mb
id: 1663716647325:  chunks size - 26.842462640823843 mb
id: 1663716647401:  chunks size - 26.98277674352544 mb
id: 1663716647401:  Inserting time: 6.869s
id: 1663716654308:  chunks size - 26.942445856532643 mb
id: 1663716647041:  Inserting time: 11.133s
id: 1663716658203:  chunks size - 26.773164850035364 mb
id: 1663716654308:  Inserting time: 5.308s
id: 1663716659654:  chunks size - 26.927312952422884 mb
id: 1663716647325:  Inserting time: 16.340s
id: 1663716663703:  chunks size - 26.84389887434976 mb
id: 1663716647235:  Inserting time: 16.736s
id: 1663716664012:  chunks size - 26.769649606491843 mb
id: 1663716659654:  Inserting time: 5.123s
id: 1663716658203:  Inserting time: 8.413s
id: 1663716647114:  Inserting time: 20.670s
id: 1663716664012:  Inserting time: 9.500s
id: 1663716663703:  Inserting time: 10.959s
--------------

arrayToInsert size - 273.4768782430728 mb

id: 1663716676150:  chunks size - 27.314628704004484 mb
id: 1663716676229:  chunks size - 26.837940317198402 mb
id: 1663716676311:  chunks size - 26.798349481477924 mb
id: 1663716676390:  chunks size - 27.318382366128002 mb
id: 1663716676509:  chunks size - 28.206676589446083 mb
id: 1663716676390:  Inserting time: 11.692s
id: 1663716688155:  chunks size - 27.771825895058402 mb
id: 1663716676509:  Inserting time: 14.455s
id: 1663716691004:  chunks size - 27.568937405524323 mb
id: 1663716691004:  Inserting time: 9.521s
id: 1663716700557:  chunks size - 27.31932078165888 mb
id: 1663716676150:  Inserting time: 25.297s
id: 1663716701472:  chunks size - 27.216966731590563 mb
id: 1663716676311:  Inserting time: 26.417s
id: 1663716702759:  chunks size - 27.123849970985763 mb
id: 1663716676229:  Inserting time: 35.846s
id: 1663716688155:  Inserting time: 24.557s
id: 1663716702759:  Inserting time: 11.099s
id: 1663716700557:  Inserting time: 13.443s
id: 1663716701472:  Inserting time: 14.246s
--------------

arrayToInsert size - 278.98579893338785 mb

id: 1663716717315:  chunks size - 28.068716154966243 mb
id: 1663716717394:  chunks size - 28.377437698488002 mb
id: 1663716717476:  chunks size - 28.126674758089923 mb
id: 1663716717565:  chunks size - 27.872799024711362 mb
id: 1663716717666:  chunks size - 27.993980513205123 mb
id: 1663716717476:  Inserting time: 8.978s
id: 1663716726493:  chunks size - 28.113706694686563 mb
id: 1663716717565:  Inserting time: 17.134s
id: 1663716734756:  chunks size - 27.92087756187984 mb
id: 1663716717315:  Inserting time: 20.762s
id: 1663716738110:  chunks size - 27.65278445173872 mb
id: 1663716726493:  Inserting time: 11.673s
id: 1663716738207:  chunks size - 27.010213953711844 mb
id: 1663716717666:  Inserting time: 22.858s
id: 1663716740568:  chunks size - 27.848608121910242 mb
id: 1663716738207:  Inserting time: 7.745s
id: 1663716717394:  Inserting time: 30.829s
id: 1663716738110:  Inserting time: 13.041s
id: 1663716734756:  Inserting time: 16.995s
id: 1663716740568:  Inserting time: 12.984s
--------------

arrayToInsert size - 282.4963999903181 mb

id: 1663716755089:  chunks size - 26.718103509495844 mb
id: 1663716755179:  chunks size - 26.511530022389284 mb
id: 1663716755294:  chunks size - 26.585506539391684 mb
id: 1663716755379:  chunks size - 26.513805489316802 mb
id: 1663716755457:  chunks size - 26.530115227537443 mb
id: 1663716755457:  Inserting time: 8.299s
id: 1663716763792:  chunks size - 26.74424753730432 mb
id: 1663716755294:  Inserting time: 12.628s
id: 1663716767961:  chunks size - 33.89359677689184 mb
id: 1663716755179:  Inserting time: 14.323s
id: 1663716769570:  chunks size - 32.483938339572966 mb
id: 1663716755089:  Inserting time: 16.836s
id: 1663716771971:  chunks size - 28.229724990411842 mb
id: 1663716763792:  Inserting time: 11.614s
id: 1663716775445:  chunks size - 28.285831558006084 mb
id: 1663716755379:  Inserting time: 22.658s
id: 1663716771971:  Inserting time: 11.722s
id: 1663716767961:  Inserting time: 16.439s
id: 1663716769570:  Inserting time: 21.800s
id: 1663716775445:  Inserting time: 15.953s
--------------

arrayToInsert size - 268.7553930873413 mb

id: 1663716792939:  chunks size - 27.533992871090884 mb
id: 1663716793015:  chunks size - 27.290807826839522 mb
id: 1663716793096:  chunks size - 27.219675166659364 mb
id: 1663716793175:  chunks size - 26.9820405069504 mb
id: 1663716793259:  chunks size - 26.825319391247522 mb
id: 1663716793175:  Inserting time: 8.567s
id: 1663716801781:  chunks size - 26.54461298455008 mb
id: 1663716793096:  Inserting time: 13.307s
id: 1663716806440:  chunks size - 26.587896447237604 mb
id: 1663716801781:  Inserting time: 5.324s
id: 1663716807141:  chunks size - 26.633634667624804 mb
id: 1663716792939:  Inserting time: 14.728s
id: 1663716807701:  chunks size - 26.346994499308323 mb
id: 1663716793259:  Inserting time: 14.793s
id: 1663716808092:  chunks size - 26.790418725832804 mb
id: 1663716807141:  Inserting time: 4.561s
id: 1663716806440:  Inserting time: 7.314s
id: 1663716808092:  Inserting time: 8.521s
id: 1663716807701:  Inserting time: 9.535s
id: 1663716793015:  Inserting time: 24.255s
--------------

arrayToInsert size - 270.5541983309362 mb

id: 1663716818788:  chunks size - 27.54793940434656 mb
id: 1663716818862:  chunks size - 27.351316555094883 mb
id: 1663716818944:  chunks size - 26.540367226477443 mb
id: 1663716819026:  chunks size - 27.395950420619524 mb
id: 1663716819109:  chunks size - 27.397428615815524 mb
id: 1663716819109:  Inserting time: 5.256s
id: 1663716824441:  chunks size - 26.910762888273602 mb
id: 1663716824441:  Inserting time: 6.314s
id: 1663716830799:  chunks size - 27.011322123271682 mb
id: 1663716818862:  Inserting time: 12.104s
id: 1663716831005:  chunks size - 27.015518290279683 mb
id: 1663716818944:  Inserting time: 16.061s
id: 1663716835044:  chunks size - 26.58151064399088 mb
id: 1663716818788:  Inserting time: 16.744s
id: 1663716835565:  chunks size - 26.802082162766403 mb
id: 1663716830799:  Inserting time: 5.307s
id: 1663716831005:  Inserting time: 10.287s
id: 1663716835044:  Inserting time: 6.808s
id: 1663716819026:  Inserting time: 25.126s
id: 1663716835565:  Inserting time: 10.271s
--------------

arrayToInsert size - 288.57755769756005 mb

id: 1663716847419:  chunks size - 30.516094322758082 mb
id: 1663716847496:  chunks size - 32.8365994737144 mb
id: 1663716847574:  chunks size - 28.487789261403844 mb
id: 1663716847665:  chunks size - 28.373228180039522 mb
id: 1663716847754:  chunks size - 28.19012080325088 mb
id: 1663716847574:  Inserting time: 8.729s
id: 1663716856342:  chunks size - 28.156160460715682 mb
id: 1663716847754:  Inserting time: 12.008s
id: 1663716859808:  chunks size - 28.031570540202242 mb
id: 1663716847665:  Inserting time: 14.682s
id: 1663716862394:  chunks size - 28.38735781876464 mb
id: 1663716847419:  Inserting time: 15.267s
id: 1663716862719:  chunks size - 27.869144544717123 mb
id: 1663716859808:  Inserting time: 8.694s
id: 1663716868543:  chunks size - 27.7294922919936 mb
id: 1663716856342:  Inserting time: 13.624s
id: 1663716862394:  Inserting time: 8.474s
id: 1663716847496:  Inserting time: 23.680s
id: 1663716862719:  Inserting time: 9.350s
id: 1663716868543:  Inserting time: 4.908s
--------------

arrayToInsert size - 266.8034124891653 mb

id: 1663716874926:  chunks size - 26.647283654492643 mb
id: 1663716875001:  chunks size - 26.592964272574083 mb
id: 1663716875082:  chunks size - 26.697828393452642 mb
id: 1663716875161:  chunks size - 26.8150902804912 mb
id: 1663716875243:  chunks size - 26.724317651364963 mb
id: 1663716875082:  Inserting time: 6.571s
id: 1663716881691:  chunks size - 26.70800791314432 mb
id: 1663716875243:  Inserting time: 6.472s
id: 1663716881794:  chunks size - 26.699482064723522 mb
id: 1663716875001:  Inserting time: 8.611s
id: 1663716883651:  chunks size - 26.611524682189923 mb
id: 1663716874926:  Inserting time: 9.286s
id: 1663716884246:  chunks size - 26.701875787266722 mb
id: 1663716875161:  Inserting time: 11.906s
id: 1663716887104:  chunks size - 26.605037789465282 mb
id: 1663716881691:  Inserting time: 7.176s
id: 1663716881794:  Inserting time: 10.326s
id: 1663716883651:  Inserting time: 9.777s
id: 1663716887104:  Inserting time: 10.495s
id: 1663716884246:  Inserting time: 14.019s
--------------

arrayToInsert size - 271.3463373872659 mb

id: 1663716899815:  chunks size - 27.510574444488963 mb
id: 1663716899896:  chunks size - 27.377496822527522 mb
id: 1663716899978:  chunks size - 26.905809503855522 mb
id: 1663716900067:  chunks size - 26.755462747307522 mb
id: 1663716900171:  chunks size - 27.186403376983204 mb
id: 1663716899896:  Inserting time: 12.063s
id: 1663716911998:  chunks size - 27.423156841620482 mb
id: 1663716899815:  Inserting time: 13.541s
id: 1663716913391:  chunks size - 27.260980708807203 mb
id: 1663716900171:  Inserting time: 13.908s
id: 1663716914120:  chunks size - 27.040151697965282 mb
id: 1663716899978:  Inserting time: 17.199s
id: 1663716917216:  chunks size - 26.97527704867296 mb
id: 1663716911998:  Inserting time: 7.555s
id: 1663716919590:  chunks size - 26.91102419503728 mb
id: 1663716900067:  Inserting time: 21.069s
id: 1663716913391:  Inserting time: 10.702s
id: 1663716917216:  Inserting time: 7.950s
id: 1663716919590:  Inserting time: 6.302s
id: 1663716914120:  Inserting time: 12.216s
--------------

arrayToInsert size - 280.4697714884184 mb

id: 1663716927931:  chunks size - 28.949405779256644 mb
id: 1663716928012:  chunks size - 28.656641114457123 mb
id: 1663716928091:  chunks size - 28.628591645357282 mb
id: 1663716928172:  chunks size - 28.406253921741122 mb
id: 1663716928258:  chunks size - 28.461410629712642 mb
id: 1663716928172:  Inserting time: 11.543s
id: 1663716939755:  chunks size - 28.082386122669124 mb
id: 1663716928012:  Inserting time: 13.601s
id: 1663716941651:  chunks size - 26.8606759129872 mb
id: 1663716928091:  Inserting time: 16.625s
id: 1663716944755:  chunks size - 27.868431196325762 mb
id: 1663716928258:  Inserting time: 16.971s
id: 1663716945291:  chunks size - 27.405546291627363 mb
id: 1663716927931:  Inserting time: 21.187s
id: 1663716949153:  chunks size - 27.150428874284163 mb
id: 1663716939755:  Inserting time: 10.002s
id: 1663716941651:  Inserting time: 12.652s
id: 1663716944755:  Inserting time: 12.900s
id: 1663716945291:  Inserting time: 15.807s
id: 1663716949153:  Inserting time: 12.081s
--------------

arrayToInsert size - 278.96660528402356 mb

id: 1663716962855:  chunks size - 26.670562844643843 mb
id: 1663716962938:  chunks size - 26.751236062721283 mb
id: 1663716963021:  chunks size - 26.568189721089123 mb
id: 1663716963108:  chunks size - 26.517990212232963 mb
id: 1663716963203:  chunks size - 26.24754343387008 mb
id: 1663716963203:  Inserting time: 9.848s
id: 1663716973092:  chunks size - 30.581125374638884 mb
id: 1663716963108:  Inserting time: 14.841s
id: 1663716977990:  chunks size - 30.201635474527205 mb
id: 1663716963021:  Inserting time: 15.031s
id: 1663716978092:  chunks size - 28.331323730418724 mb
id: 1663716973092:  Inserting time: 8.070s
id: 1663716981203:  chunks size - 28.253812896386403 mb
id: 1663716981203:  Inserting time: 7.056s
id: 1663716988299:  chunks size - 28.843185533495042 mb
id: 1663716962855:  Inserting time: 29.298s
id: 1663716977990:  Inserting time: 16.278s
id: 1663716962938:  Inserting time: 32.413s
id: 1663716978092:  Inserting time: 17.402s
id: 1663716988299:  Inserting time: 8.723s
--------------

arrayToInsert size - 268.15070634800213 mb

id: 1663716998509:  chunks size - 27.285728557411204 mb
id: 1663716998580:  chunks size - 26.863092523714084 mb
id: 1663716998661:  chunks size - 26.972591501787843 mb
id: 1663716998744:  chunks size - 27.015340906856164 mb
id: 1663716998828:  chunks size - 26.6346169521744 mb
id: 1663716998509:  Inserting time: 10.052s
id: 1663717008590:  chunks size - 26.756523233151363 mb
id: 1663716998744:  Inserting time: 10.457s
id: 1663717009240:  chunks size - 26.635528664824324 mb
id: 1663716998828:  Inserting time: 12.732s
id: 1663717011600:  chunks size - 26.790361505373603 mb
id: 1663717008590:  Inserting time: 7.279s
id: 1663717015911:  chunks size - 26.610868554257763 mb
id: 1663717009240:  Inserting time: 12.465s
id: 1663717021747:  chunks size - 26.58605394845136 mb
id: 1663716998580:  Inserting time: 24.089s
id: 1663716998661:  Inserting time: 25.407s
id: 1663717015911:  Inserting time: 9.449s
id: 1663717011600:  Inserting time: 15.020s
id: 1663717021747:  Inserting time: 7.207s
--------------

arrayToInsert size - 273.30150325767073 mb

id: 1663717030501:  chunks size - 27.538084133923682 mb
id: 1663717030579:  chunks size - 27.308530910402403 mb
id: 1663717030660:  chunks size - 27.284757716953443 mb
id: 1663717030744:  chunks size - 27.199112040971524 mb
id: 1663717030865:  chunks size - 27.393768413775362 mb
id: 1663717030744:  Inserting time: 10.789s
id: 1663717041606:  chunks size - 27.26647959493632 mb
id: 1663717030579:  Inserting time: 14.072s
id: 1663717044690:  chunks size - 27.254301173869923 mb
id: 1663717030865:  Inserting time: 17.492s
id: 1663717048401:  chunks size - 27.306638820551523 mb
id: 1663717030660:  Inserting time: 18.989s
id: 1663717049689:  chunks size - 27.51994715570592 mb
id: 1663717030501:  Inserting time: 21.132s
id: 1663717051665:  chunks size - 27.229883296580642 mb
id: 1663717048401:  Inserting time: 10.860s
id: 1663717041606:  Inserting time: 19.598s
id: 1663717049689:  Inserting time: 14.628s
id: 1663717044690:  Inserting time: 20.843s
id: 1663717051665:  Inserting time: 15.409s
--------------

Operation took -  1113.068  seconds ~ 18 minutes

